{"/home/tuyizere/Dabble/challenges/generates-a-QR-code/src/app.js":{"path":"/home/tuyizere/Dabble/challenges/generates-a-QR-code/src/app.js","statementMap":{"0":{"start":{"line":3,"column":0},"end":{"line":5,"column":3}},"1":{"start":{"line":6,"column":0},"end":{"line":6,"column":28}},"2":{"start":{"line":7,"column":15},"end":{"line":7,"column":57}},"3":{"start":{"line":8,"column":15},"end":{"line":8,"column":59}},"4":{"start":{"line":9,"column":14},"end":{"line":9,"column":55}},"5":{"start":{"line":10,"column":39},"end":{"line":10,"column":95}},"6":{"start":{"line":11,"column":0},"end":{"line":11,"column":28}},"7":{"start":{"line":12,"column":10},"end":{"line":12,"column":36}},"8":{"start":{"line":13,"column":11},"end":{"line":13,"column":15}},"9":{"start":{"line":14,"column":0},"end":{"line":14,"column":36}},"10":{"start":{"line":15,"column":0},"end":{"line":15,"column":29}},"11":{"start":{"line":16,"column":13},"end":{"line":16,"column":84}},"12":{"start":{"line":19,"column":0},"end":{"line":24,"column":3}},"13":{"start":{"line":21,"column":2},"end":{"line":23,"column":5}},"14":{"start":{"line":22,"column":4},"end":{"line":22,"column":27}},"15":{"start":{"line":25,"column":15},"end":{"line":25,"column":18}},"16":{"start":{"line":26,"column":0},"end":{"line":26,"column":30}}},"fnMap":{"0":{"name":"_interopRequireDefault","decl":{"start":{"line":10,"column":9},"end":{"line":10,"column":31}},"loc":{"start":{"line":10,"column":37},"end":{"line":10,"column":97}},"line":10},"1":{"name":"(anonymous_1)","decl":{"start":{"line":19,"column":33},"end":{"line":19,"column":34}},"loc":{"start":{"line":19,"column":57},"end":{"line":24,"column":1}},"line":19},"2":{"name":"(anonymous_2)","decl":{"start":{"line":21,"column":15},"end":{"line":21,"column":16}},"loc":{"start":{"line":21,"column":27},"end":{"line":23,"column":3}},"line":21}},"branchMap":{"0":{"loc":{"start":{"line":10,"column":46},"end":{"line":10,"column":94}},"type":"cond-expr","locations":[{"start":{"line":10,"column":70},"end":{"line":10,"column":73}},{"start":{"line":10,"column":76},"end":{"line":10,"column":94}}],"line":10},"1":{"loc":{"start":{"line":10,"column":46},"end":{"line":10,"column":67}},"type":"binary-expr","locations":[{"start":{"line":10,"column":46},"end":{"line":10,"column":49}},{"start":{"line":10,"column":53},"end":{"line":10,"column":67}}],"line":10}},"s":{"0":1,"1":1,"2":1,"3":1,"4":1,"5":3,"6":1,"7":1,"8":1,"9":1,"10":1,"11":1,"12":1,"13":0,"14":0,"15":1,"16":1},"f":{"0":3,"1":0,"2":0},"b":{"0":[1,2],"1":[3,3]},"inputSourceMap":{"version":3,"names":["_express","_interopRequireDefault","require","_routers","_dotenv","obj","__esModule","dotenv","config","app","express","PORT","use","json","routes","server","listen","console","log","concat","process","on","err","promise","close","exit","_default","exports"],"sourceRoot":"/home/tuyizere/Dabble/challenges/generates-a-QR-code/src/","sources":["app.js"],"sourcesContent":["import express from \"express\";\nimport routes from \"./routers\";\nimport dotenv from \"dotenv\";\ndotenv.config();\n\nconst app = express();\nconst PORT = 3000;\n\napp.use(express.json());\napp.use(routes);\n\nconst server = app.listen(PORT, console.log(`Server Listening on ${PORT} `));\n\n// Handle unhandled promise rejections\nprocess.on(\"unhandledRejection\", (err, promise) => {\n  // close server & exit process\n  server.close(() => process.exit(1));\n});\n\nexport default app;\n"],"mappings":";;;;;;AAAA,IAAAA,QAAA,GAAAC,sBAAA,CAAAC,OAAA;AACA,IAAAC,QAAA,GAAAF,sBAAA,CAAAC,OAAA;AACA,IAAAE,OAAA,GAAAH,sBAAA,CAAAC,OAAA;AAA4B,SAAAD,uBAAAI,GAAA,WAAAA,GAAA,IAAAA,GAAA,CAAAC,UAAA,GAAAD,GAAA,gBAAAA,GAAA;AAC5BE,kBAAM,CAACC,MAAM,EAAE;AAEf,IAAMC,GAAG,GAAG,IAAAC,mBAAO,GAAE;AACrB,IAAMC,IAAI,GAAG,IAAI;AAEjBF,GAAG,CAACG,GAAG,CAACF,mBAAO,CAACG,IAAI,EAAE,CAAC;AACvBJ,GAAG,CAACG,GAAG,CAACE,mBAAM,CAAC;AAEf,IAAMC,MAAM,GAAGN,GAAG,CAACO,MAAM,CAACL,IAAI,EAAEM,OAAO,CAACC,GAAG,wBAAAC,MAAA,CAAwBR,IAAI,OAAI,CAAC;;AAE5E;AACAS,OAAO,CAACC,EAAE,CAAC,oBAAoB,EAAE,UAACC,GAAG,EAAEC,OAAO,EAAK;EACjD;EACAR,MAAM,CAACS,KAAK,CAAC;IAAA,OAAMJ,OAAO,CAACK,IAAI,CAAC,CAAC,CAAC;EAAA,EAAC;AACrC,CAAC,CAAC;AAAC,IAAAC,QAAA,GAEYjB,GAAG;AAAAkB,OAAA,cAAAD,QAAA"},"_coverageSchema":"1a1c01bbd47fc00a2c39e90264f33305004495a9","hash":"bbf3f5b52695ed25022ce85392315a8033df1277","contentHash":"5abedc9b5f299e8732bce4c933055f38a1db08745f3dcf086bf4035a2dd10d8d"},"/home/tuyizere/Dabble/challenges/generates-a-QR-code/src/routers/index.js":{"path":"/home/tuyizere/Dabble/challenges/generates-a-QR-code/src/routers/index.js","statementMap":{"0":{"start":{"line":3,"column":0},"end":{"line":5,"column":3}},"1":{"start":{"line":6,"column":0},"end":{"line":6,"column":28}},"2":{"start":{"line":7,"column":15},"end":{"line":7,"column":57}},"3":{"start":{"line":8,"column":11},"end":{"line":8,"column":58}},"4":{"start":{"line":9,"column":39},"end":{"line":9,"column":95}},"5":{"start":{"line":10,"column":13},"end":{"line":10,"column":39}},"6":{"start":{"line":11,"column":0},"end":{"line":15,"column":3}},"7":{"start":{"line":12,"column":2},"end":{"line":14,"column":5}},"8":{"start":{"line":16,"column":0},"end":{"line":16,"column":44}},"9":{"start":{"line":17,"column":0},"end":{"line":21,"column":3}},"10":{"start":{"line":18,"column":2},"end":{"line":20,"column":5}},"11":{"start":{"line":22,"column":15},"end":{"line":22,"column":21}},"12":{"start":{"line":23,"column":0},"end":{"line":23,"column":30}}},"fnMap":{"0":{"name":"_interopRequireDefault","decl":{"start":{"line":9,"column":9},"end":{"line":9,"column":31}},"loc":{"start":{"line":9,"column":37},"end":{"line":9,"column":97}},"line":9},"1":{"name":"(anonymous_1)","decl":{"start":{"line":11,"column":16},"end":{"line":11,"column":17}},"loc":{"start":{"line":11,"column":36},"end":{"line":15,"column":1}},"line":11},"2":{"name":"(anonymous_2)","decl":{"start":{"line":17,"column":16},"end":{"line":17,"column":17}},"loc":{"start":{"line":17,"column":36},"end":{"line":21,"column":1}},"line":17}},"branchMap":{"0":{"loc":{"start":{"line":9,"column":46},"end":{"line":9,"column":94}},"type":"cond-expr","locations":[{"start":{"line":9,"column":70},"end":{"line":9,"column":73}},{"start":{"line":9,"column":76},"end":{"line":9,"column":94}}],"line":9},"1":{"loc":{"start":{"line":9,"column":46},"end":{"line":9,"column":67}},"type":"binary-expr","locations":[{"start":{"line":9,"column":46},"end":{"line":9,"column":49}},{"start":{"line":9,"column":53},"end":{"line":9,"column":67}}],"line":9}},"s":{"0":1,"1":1,"2":1,"3":1,"4":2,"5":1,"6":1,"7":0,"8":1,"9":1,"10":0,"11":1,"12":1},"f":{"0":2,"1":0,"2":0},"b":{"0":[1,1],"1":[2,2]},"inputSourceMap":{"version":3,"names":["_express","_interopRequireDefault","require","_car","obj","__esModule","routes","express","get","req","res","status","json","message","use","carRoutes","_default","exports"],"sourceRoot":"/home/tuyizere/Dabble/challenges/generates-a-QR-code/src/routers/","sources":["index.js"],"sourcesContent":["import express from \"express\";\nimport carRoutes from \"./car.routes\";\n\nconst routes = express();\n\nroutes.get(\"/\", (req, res) => {\n  return res.status(200).json({\n    message: \"This car QR-code generator\",\n  });\n});\n\nroutes.use(\"/api/v1/cars\", carRoutes);\n\nroutes.get(\"*\", (req, res) => {\n  res.status(404).json({\n    message: \"Page not found, try again\",\n  });\n});\n\nexport default routes;\n"],"mappings":";;;;;;AAAA,IAAAA,QAAA,GAAAC,sBAAA,CAAAC,OAAA;AACA,IAAAC,IAAA,GAAAF,sBAAA,CAAAC,OAAA;AAAqC,SAAAD,uBAAAG,GAAA,WAAAA,GAAA,IAAAA,GAAA,CAAAC,UAAA,GAAAD,GAAA,gBAAAA,GAAA;AAErC,IAAME,MAAM,GAAG,IAAAC,mBAAO,GAAE;AAExBD,MAAM,CAACE,GAAG,CAAC,GAAG,EAAE,UAACC,GAAG,EAAEC,GAAG,EAAK;EAC5B,OAAOA,GAAG,CAACC,MAAM,CAAC,GAAG,CAAC,CAACC,IAAI,CAAC;IAC1BC,OAAO,EAAE;EACX,CAAC,CAAC;AACJ,CAAC,CAAC;AAEFP,MAAM,CAACQ,GAAG,CAAC,cAAc,EAAEC,eAAS,CAAC;AAErCT,MAAM,CAACE,GAAG,CAAC,GAAG,EAAE,UAACC,GAAG,EAAEC,GAAG,EAAK;EAC5BA,GAAG,CAACC,MAAM,CAAC,GAAG,CAAC,CAACC,IAAI,CAAC;IACnBC,OAAO,EAAE;EACX,CAAC,CAAC;AACJ,CAAC,CAAC;AAAC,IAAAG,QAAA,GAEYV,MAAM;AAAAW,OAAA,cAAAD,QAAA"},"_coverageSchema":"1a1c01bbd47fc00a2c39e90264f33305004495a9","hash":"41da036226f1889c9e114f38f771392a1c0f909a","contentHash":"0fbdcb9e41ad49ea269d1ea043222a9ea86e4fbb0f3cf8f607ea9f84fd8ec275"},"/home/tuyizere/Dabble/challenges/generates-a-QR-code/src/routers/car.routes.js":{"path":"/home/tuyizere/Dabble/challenges/generates-a-QR-code/src/routers/car.routes.js","statementMap":{"0":{"start":{"line":3,"column":0},"end":{"line":5,"column":3}},"1":{"start":{"line":6,"column":0},"end":{"line":6,"column":28}},"2":{"start":{"line":7,"column":15},"end":{"line":7,"column":57}},"3":{"start":{"line":8,"column":11},"end":{"line":8,"column":76}},"4":{"start":{"line":9,"column":12},"end":{"line":9,"column":53}},"5":{"start":{"line":10,"column":39},"end":{"line":10,"column":95}},"6":{"start":{"line":11,"column":13},"end":{"line":11,"column":39}},"7":{"start":{"line":12,"column":0},"end":{"line":12,"column":68}},"8":{"start":{"line":13,"column":15},"end":{"line":13,"column":21}},"9":{"start":{"line":14,"column":0},"end":{"line":14,"column":30}}},"fnMap":{"0":{"name":"_interopRequireDefault","decl":{"start":{"line":10,"column":9},"end":{"line":10,"column":31}},"loc":{"start":{"line":10,"column":37},"end":{"line":10,"column":97}},"line":10}},"branchMap":{"0":{"loc":{"start":{"line":10,"column":46},"end":{"line":10,"column":94}},"type":"cond-expr","locations":[{"start":{"line":10,"column":70},"end":{"line":10,"column":73}},{"start":{"line":10,"column":76},"end":{"line":10,"column":94}}],"line":10},"1":{"loc":{"start":{"line":10,"column":46},"end":{"line":10,"column":67}},"type":"binary-expr","locations":[{"start":{"line":10,"column":46},"end":{"line":10,"column":49}},{"start":{"line":10,"column":53},"end":{"line":10,"column":67}}],"line":10}},"s":{"0":1,"1":1,"2":1,"3":1,"4":1,"5":2,"6":1,"7":1,"8":1,"9":1},"f":{"0":2},"b":{"0":[1,1],"1":[2,2]},"inputSourceMap":{"version":3,"names":["_express","_interopRequireDefault","require","_car","_car2","obj","__esModule","routes","express","post","carValidation","carQRCodeController","createQRCode","_default","exports"],"sourceRoot":"/home/tuyizere/Dabble/challenges/generates-a-QR-code/src/routers/","sources":["car.routes.js"],"sourcesContent":["import express from \"express\";\nimport carQRCodeController from \"../controllers/car.controllers\";\nimport { carValidation } from \"../validations/car.validations\";\n\nconst routes = express();\n\nroutes.post(\"/\", carValidation, carQRCodeController.createQRCode);\n\nexport default routes;\n"],"mappings":";;;;;;AAAA,IAAAA,QAAA,GAAAC,sBAAA,CAAAC,OAAA;AACA,IAAAC,IAAA,GAAAF,sBAAA,CAAAC,OAAA;AACA,IAAAE,KAAA,GAAAF,OAAA;AAA+D,SAAAD,uBAAAI,GAAA,WAAAA,GAAA,IAAAA,GAAA,CAAAC,UAAA,GAAAD,GAAA,gBAAAA,GAAA;AAE/D,IAAME,MAAM,GAAG,IAAAC,mBAAO,GAAE;AAExBD,MAAM,CAACE,IAAI,CAAC,GAAG,EAAEC,mBAAa,EAAEC,eAAmB,CAACC,YAAY,CAAC;AAAC,IAAAC,QAAA,GAEnDN,MAAM;AAAAO,OAAA,cAAAD,QAAA"},"_coverageSchema":"1a1c01bbd47fc00a2c39e90264f33305004495a9","hash":"117fdc6f8ae8794e68115ebb5f9048bc61ca4da1","contentHash":"6f8163e7e1ca41997b00bc24ed95069b9ed0d64e4ed390b7f7984f180b4c8b5c"},"/home/tuyizere/Dabble/challenges/generates-a-QR-code/src/controllers/car.controllers.js":{"path":"/home/tuyizere/Dabble/challenges/generates-a-QR-code/src/controllers/car.controllers.js","statementMap":{"0":{"start":{"line":3,"column":0},"end":{"line":5,"column":3}},"1":{"start":{"line":6,"column":0},"end":{"line":6,"column":67}},"2":{"start":{"line":7,"column":14},"end":{"line":7,"column":55}},"3":{"start":{"line":8,"column":39},"end":{"line":8,"column":95}},"4":{"start":{"line":9,"column":51},"end":{"line":9,"column":334}},"5":{"start":{"line":9,"column":153},"end":{"line":9,"column":171}},"6":{"start":{"line":9,"column":193},"end":{"line":9,"column":317}},"7":{"start":{"line":10,"column":196},"end":{"line":10,"column":269}},"8":{"start":{"line":10,"column":251},"end":{"line":10,"column":266}},"9":{"start":{"line":10,"column":284},"end":{"line":10,"column":286}},"10":{"start":{"line":10,"column":293},"end":{"line":10,"column":309}},"11":{"start":{"line":10,"column":320},"end":{"line":10,"column":337}},"12":{"start":{"line":10,"column":356},"end":{"line":10,"column":433}},"13":{"start":{"line":10,"column":409},"end":{"line":10,"column":431}},"14":{"start":{"line":10,"column":445},"end":{"line":10,"column":486}},"15":{"start":{"line":10,"column":505},"end":{"line":10,"column":537}},"16":{"start":{"line":10,"column":561},"end":{"line":10,"column":603}},"17":{"start":{"line":10,"column":625},"end":{"line":10,"column":663}},"18":{"start":{"line":10,"column":700},"end":{"line":10,"column":815}},"19":{"start":{"line":10,"column":818},"end":{"line":10,"column":929}},"20":{"start":{"line":10,"column":824},"end":{"line":10,"column":839}},"21":{"start":{"line":10,"column":856},"end":{"line":10,"column":927}},"22":{"start":{"line":10,"column":900},"end":{"line":10,"column":924}},"23":{"start":{"line":10,"column":1004},"end":{"line":10,"column":1075}},"24":{"start":{"line":10,"column":1089},"end":{"line":10,"column":1128}},"25":{"start":{"line":10,"column":1140},"end":{"line":10,"column":1170}},"26":{"start":{"line":10,"column":1172},"end":{"line":10,"column":1280}},"27":{"start":{"line":10,"column":1317},"end":{"line":10,"column":1427}},"28":{"start":{"line":10,"column":1323},"end":{"line":10,"column":1373}},"29":{"start":{"line":10,"column":1390},"end":{"line":10,"column":1425}},"30":{"start":{"line":10,"column":1430},"end":{"line":10,"column":1450}},"31":{"start":{"line":10,"column":1474},"end":{"line":10,"column":1476}},"32":{"start":{"line":10,"column":1599},"end":{"line":10,"column":1601}},"33":{"start":{"line":10,"column":1603},"end":{"line":10,"column":1675}},"34":{"start":{"line":10,"column":1659},"end":{"line":10,"column":1671}},"35":{"start":{"line":10,"column":1691},"end":{"line":10,"column":1712}},"36":{"start":{"line":10,"column":1740},"end":{"line":10,"column":1782}},"37":{"start":{"line":10,"column":1784},"end":{"line":10,"column":1947}},"38":{"start":{"line":10,"column":1957},"end":{"line":10,"column":2050}},"39":{"start":{"line":10,"column":2096},"end":{"line":10,"column":2236}},"40":{"start":{"line":10,"column":2152},"end":{"line":10,"column":2232}},"41":{"start":{"line":10,"column":2195},"end":{"line":10,"column":2228}},"42":{"start":{"line":10,"column":2349},"end":{"line":10,"column":2392}},"43":{"start":{"line":10,"column":2394},"end":{"line":10,"column":2886}},"44":{"start":{"line":10,"column":2438},"end":{"line":10,"column":2448}},"45":{"start":{"line":10,"column":2458},"end":{"line":10,"column":2470}},"46":{"start":{"line":10,"column":2472},"end":{"line":10,"column":2884}},"47":{"start":{"line":10,"column":2609},"end":{"line":10,"column":2648}},"48":{"start":{"line":10,"column":2669},"end":{"line":10,"column":2707}},"49":{"start":{"line":10,"column":2768},"end":{"line":10,"column":2810}},"50":{"start":{"line":10,"column":2833},"end":{"line":10,"column":2880}},"51":{"start":{"line":10,"column":2887},"end":{"line":10,"column":2906}},"52":{"start":{"line":10,"column":2930},"end":{"line":10,"column":3294}},"53":{"start":{"line":10,"column":3041},"end":{"line":10,"column":3134}},"54":{"start":{"line":10,"column":3093},"end":{"line":10,"column":3130}},"55":{"start":{"line":10,"column":3137},"end":{"line":10,"column":3288}},"56":{"start":{"line":10,"column":3361},"end":{"line":10,"column":3377}},"57":{"start":{"line":10,"column":3379},"end":{"line":10,"column":4499}},"58":{"start":{"line":10,"column":3411},"end":{"line":10,"column":3486}},"59":{"start":{"line":10,"column":3438},"end":{"line":10,"column":3486}},"60":{"start":{"line":10,"column":3487},"end":{"line":10,"column":3573}},"61":{"start":{"line":10,"column":3516},"end":{"line":10,"column":3550}},"62":{"start":{"line":10,"column":3540},"end":{"line":10,"column":3550}},"63":{"start":{"line":10,"column":3551},"end":{"line":10,"column":3571}},"64":{"start":{"line":10,"column":3574},"end":{"line":10,"column":4496}},"65":{"start":{"line":10,"column":3642},"end":{"line":10,"column":3658}},"66":{"start":{"line":10,"column":3660},"end":{"line":10,"column":3836}},"67":{"start":{"line":10,"column":3697},"end":{"line":10,"column":3735}},"68":{"start":{"line":10,"column":3737},"end":{"line":10,"column":3834}},"69":{"start":{"line":10,"column":3759},"end":{"line":10,"column":3809}},"70":{"start":{"line":10,"column":3800},"end":{"line":10,"column":3809}},"71":{"start":{"line":10,"column":3810},"end":{"line":10,"column":3832}},"72":{"start":{"line":10,"column":3837},"end":{"line":10,"column":4138}},"73":{"start":{"line":10,"column":3868},"end":{"line":10,"column":3911}},"74":{"start":{"line":10,"column":3916},"end":{"line":10,"column":4138}},"75":{"start":{"line":10,"column":3950},"end":{"line":10,"column":4021}},"76":{"start":{"line":10,"column":3982},"end":{"line":10,"column":4021}},"77":{"start":{"line":10,"column":4022},"end":{"line":10,"column":4061}},"78":{"start":{"line":10,"column":4069},"end":{"line":10,"column":4138}},"79":{"start":{"line":10,"column":4139},"end":{"line":10,"column":4159}},"80":{"start":{"line":10,"column":4173},"end":{"line":10,"column":4205}},"81":{"start":{"line":10,"column":4207},"end":{"line":10,"column":4392}},"82":{"start":{"line":10,"column":4239},"end":{"line":10,"column":4340}},"83":{"start":{"line":10,"column":4331},"end":{"line":10,"column":4340}},"84":{"start":{"line":10,"column":4341},"end":{"line":10,"column":4390}},"85":{"start":{"line":10,"column":4393},"end":{"line":10,"column":4494}},"86":{"start":{"line":10,"column":4569},"end":{"line":10,"column":4583}},"87":{"start":{"line":10,"column":4594},"end":{"line":10,"column":4623}},"88":{"start":{"line":10,"column":4625},"end":{"line":10,"column":5028}},"89":{"start":{"line":10,"column":4651},"end":{"line":10,"column":5028}},"90":{"start":{"line":10,"column":5042},"end":{"line":10,"column":5090}},"91":{"start":{"line":10,"column":5092},"end":{"line":10,"column":5222}},"92":{"start":{"line":10,"column":5121},"end":{"line":10,"column":5222}},"93":{"start":{"line":10,"column":5234},"end":{"line":10,"column":5244}},"94":{"start":{"line":10,"column":5246},"end":{"line":10,"column":5619}},"95":{"start":{"line":10,"column":5664},"end":{"line":10,"column":5683}},"96":{"start":{"line":10,"column":5685},"end":{"line":10,"column":5823}},"97":{"start":{"line":10,"column":5871},"end":{"line":10,"column":5893}},"98":{"start":{"line":10,"column":5895},"end":{"line":10,"column":5964}},"99":{"start":{"line":10,"column":5999},"end":{"line":10,"column":6095}},"100":{"start":{"line":10,"column":6126},"end":{"line":10,"column":6572}},"101":{"start":{"line":10,"column":6163},"end":{"line":10,"column":6187}},"102":{"start":{"line":10,"column":6189},"end":{"line":10,"column":6246}},"103":{"start":{"line":10,"column":6209},"end":{"line":10,"column":6246}},"104":{"start":{"line":10,"column":6247},"end":{"line":10,"column":6303}},"105":{"start":{"line":10,"column":6287},"end":{"line":10,"column":6303}},"106":{"start":{"line":10,"column":6304},"end":{"line":10,"column":6570}},"107":{"start":{"line":10,"column":6343},"end":{"line":10,"column":6345}},"108":{"start":{"line":10,"column":6354},"end":{"line":10,"column":6542}},"109":{"start":{"line":10,"column":6372},"end":{"line":10,"column":6487}},"110":{"start":{"line":10,"column":6403},"end":{"line":10,"column":6487}},"111":{"start":{"line":10,"column":6433},"end":{"line":10,"column":6487}},"112":{"start":{"line":10,"column":6488},"end":{"line":10,"column":6540}},"113":{"start":{"line":10,"column":6544},"end":{"line":10,"column":6568}},"114":{"start":{"line":10,"column":6573},"end":{"line":10,"column":6601}},"115":{"start":{"line":10,"column":6628},"end":{"line":10,"column":6666}},"116":{"start":{"line":10,"column":6669},"end":{"line":10,"column":12094}},"117":{"start":{"line":10,"column":7102},"end":{"line":10,"column":7151}},"118":{"start":{"line":10,"column":7153},"end":{"line":10,"column":7258}},"119":{"start":{"line":10,"column":7297},"end":{"line":10,"column":7538}},"120":{"start":{"line":10,"column":7575},"end":{"line":10,"column":7599}},"121":{"start":{"line":10,"column":7718},"end":{"line":10,"column":7730}},"122":{"start":{"line":10,"column":7852},"end":{"line":10,"column":7902}},"123":{"start":{"line":10,"column":7914},"end":{"line":10,"column":7987}},"124":{"start":{"line":10,"column":7989},"end":{"line":10,"column":8131}},"125":{"start":{"line":10,"column":8079},"end":{"line":10,"column":8127}},"126":{"start":{"line":10,"column":8247},"end":{"line":10,"column":8259}},"127":{"start":{"line":10,"column":8301},"end":{"line":10,"column":8329}},"128":{"start":{"line":10,"column":8379},"end":{"line":10,"column":8390}},"129":{"start":{"line":10,"column":8399},"end":{"line":10,"column":8401}},"130":{"start":{"line":10,"column":8403},"end":{"line":10,"column":8442}},"131":{"start":{"line":10,"column":8427},"end":{"line":10,"column":8442}},"132":{"start":{"line":10,"column":8443},"end":{"line":10,"column":8628}},"133":{"start":{"line":10,"column":8484},"end":{"line":10,"column":8596}},"134":{"start":{"line":10,"column":8517},"end":{"line":10,"column":8527}},"135":{"start":{"line":10,"column":8529},"end":{"line":10,"column":8594}},"136":{"start":{"line":10,"column":8548},"end":{"line":10,"column":8594}},"137":{"start":{"line":10,"column":8597},"end":{"line":10,"column":8625}},"138":{"start":{"line":10,"column":8740},"end":{"line":10,"column":9075}},"139":{"start":{"line":10,"column":8948},"end":{"line":10,"column":9075}},"140":{"start":{"line":10,"column":8971},"end":{"line":10,"column":9075}},"141":{"start":{"line":10,"column":9103},"end":{"line":10,"column":9118}},"142":{"start":{"line":10,"column":9136},"end":{"line":10,"column":9165}},"143":{"start":{"line":10,"column":9167},"end":{"line":10,"column":9221}},"144":{"start":{"line":10,"column":9200},"end":{"line":10,"column":9221}},"145":{"start":{"line":10,"column":9222},"end":{"line":10,"column":9239}},"146":{"start":{"line":10,"column":9302},"end":{"line":10,"column":9333}},"147":{"start":{"line":10,"column":9317},"end":{"line":10,"column":9333}},"148":{"start":{"line":10,"column":9348},"end":{"line":10,"column":9352}},"149":{"start":{"line":10,"column":9385},"end":{"line":10,"column":9530}},"150":{"start":{"line":10,"column":9533},"end":{"line":10,"column":10237}},"151":{"start":{"line":10,"column":9546},"end":{"line":10,"column":9572}},"152":{"start":{"line":10,"column":9601},"end":{"line":10,"column":9619}},"153":{"start":{"line":10,"column":9630},"end":{"line":10,"column":9646}},"154":{"start":{"line":10,"column":9648},"end":{"line":10,"column":9698}},"155":{"start":{"line":10,"column":9677},"end":{"line":10,"column":9698}},"156":{"start":{"line":10,"column":9699},"end":{"line":10,"column":10235}},"157":{"start":{"line":10,"column":9747},"end":{"line":10,"column":9777}},"158":{"start":{"line":10,"column":9792},"end":{"line":10,"column":9824}},"159":{"start":{"line":10,"column":9826},"end":{"line":10,"column":10233}},"160":{"start":{"line":10,"column":9856},"end":{"line":10,"column":9922}},"161":{"start":{"line":10,"column":9888},"end":{"line":10,"column":9922}},"162":{"start":{"line":10,"column":9923},"end":{"line":10,"column":9989}},"163":{"start":{"line":10,"column":9957},"end":{"line":10,"column":9989}},"164":{"start":{"line":10,"column":9997},"end":{"line":10,"column":10233}},"165":{"start":{"line":10,"column":10013},"end":{"line":10,"column":10079}},"166":{"start":{"line":10,"column":10045},"end":{"line":10,"column":10079}},"167":{"start":{"line":10,"column":10089},"end":{"line":10,"column":10164}},"168":{"start":{"line":10,"column":10106},"end":{"line":10,"column":10164}},"169":{"start":{"line":10,"column":10165},"end":{"line":10,"column":10231}},"170":{"start":{"line":10,"column":10199},"end":{"line":10,"column":10231}},"171":{"start":{"line":10,"column":10278},"end":{"line":10,"column":10503}},"172":{"start":{"line":10,"column":10291},"end":{"line":10,"column":10317}},"173":{"start":{"line":10,"column":10346},"end":{"line":10,"column":10364}},"174":{"start":{"line":10,"column":10366},"end":{"line":10,"column":10501}},"175":{"start":{"line":10,"column":10486},"end":{"line":10,"column":10491}},"176":{"start":{"line":10,"column":10493},"end":{"line":10,"column":10499}},"177":{"start":{"line":10,"column":10504},"end":{"line":10,"column":10651}},"178":{"start":{"line":10,"column":10665},"end":{"line":10,"column":10708}},"179":{"start":{"line":10,"column":10710},"end":{"line":10,"column":10872}},"180":{"start":{"line":10,"column":10924},"end":{"line":10,"column":10970}},"181":{"start":{"line":10,"column":10953},"end":{"line":10,"column":10970}},"182":{"start":{"line":10,"column":10971},"end":{"line":10,"column":11248}},"183":{"start":{"line":10,"column":11290},"end":{"line":10,"column":11512}},"184":{"start":{"line":10,"column":11303},"end":{"line":10,"column":11329}},"185":{"start":{"line":10,"column":11358},"end":{"line":10,"column":11376}},"186":{"start":{"line":10,"column":11378},"end":{"line":10,"column":11510}},"187":{"start":{"line":10,"column":11415},"end":{"line":10,"column":11510}},"188":{"start":{"line":10,"column":11551},"end":{"line":10,"column":11799}},"189":{"start":{"line":10,"column":11564},"end":{"line":10,"column":11590}},"190":{"start":{"line":10,"column":11619},"end":{"line":10,"column":11637}},"191":{"start":{"line":10,"column":11639},"end":{"line":10,"column":11797}},"192":{"start":{"line":10,"column":11683},"end":{"line":10,"column":11699}},"193":{"start":{"line":10,"column":11701},"end":{"line":10,"column":11780}},"194":{"start":{"line":10,"column":11745},"end":{"line":10,"column":11755}},"195":{"start":{"line":10,"column":11757},"end":{"line":10,"column":11778}},"196":{"start":{"line":10,"column":11781},"end":{"line":10,"column":11795}},"197":{"start":{"line":10,"column":11800},"end":{"line":10,"column":11841}},"198":{"start":{"line":10,"column":11916},"end":{"line":10,"column":12080}},"199":{"start":{"line":11,"column":77},"end":{"line":11,"column":175}},"200":{"start":{"line":11,"column":94},"end":{"line":11,"column":107}},"201":{"start":{"line":11,"column":121},"end":{"line":11,"column":131}},"202":{"start":{"line":11,"column":151},"end":{"line":11,"column":165}},"203":{"start":{"line":11,"column":166},"end":{"line":11,"column":173}},"204":{"start":{"line":11,"column":176},"end":{"line":11,"column":263}},"205":{"start":{"line":11,"column":193},"end":{"line":11,"column":208}},"206":{"start":{"line":11,"column":218},"end":{"line":11,"column":261}},"207":{"start":{"line":12,"column":33},"end":{"line":12,"column":387}},"208":{"start":{"line":12,"column":65},"end":{"line":12,"column":69}},"209":{"start":{"line":12,"column":78},"end":{"line":12,"column":87}},"210":{"start":{"line":12,"column":89},"end":{"line":12,"column":384}},"211":{"start":{"line":12,"column":147},"end":{"line":12,"column":167}},"212":{"start":{"line":12,"column":193},"end":{"line":12,"column":264}},"213":{"start":{"line":12,"column":290},"end":{"line":12,"column":360}},"214":{"start":{"line":12,"column":363},"end":{"line":12,"column":380}},"215":{"start":{"line":13,"column":50},"end":{"line":13,"column":151}},"216":{"start":{"line":13,"column":92},"end":{"line":13,"column":149}},"217":{"start":{"line":14,"column":44},"end":{"line":14,"column":331}},"218":{"start":{"line":14,"column":57},"end":{"line":14,"column":58}},"219":{"start":{"line":14,"column":102},"end":{"line":14,"column":110}},"220":{"start":{"line":14,"column":112},"end":{"line":14,"column":167}},"221":{"start":{"line":14,"column":168},"end":{"line":14,"column":199}},"222":{"start":{"line":14,"column":200},"end":{"line":14,"column":254}},"223":{"start":{"line":14,"column":227},"end":{"line":14,"column":254}},"224":{"start":{"line":14,"column":255},"end":{"line":14,"column":329}},"225":{"start":{"line":15,"column":62},"end":{"line":15,"column":131}},"226":{"start":{"line":15,"column":78},"end":{"line":15,"column":131}},"227":{"start":{"line":15,"column":132},"end":{"line":15,"column":193}},"228":{"start":{"line":15,"column":149},"end":{"line":15,"column":193}},"229":{"start":{"line":15,"column":194},"end":{"line":15,"column":263}},"230":{"start":{"line":15,"column":264},"end":{"line":15,"column":283}},"231":{"start":{"line":16,"column":41},"end":{"line":16,"column":68}},"232":{"start":{"line":16,"column":70},"end":{"line":16,"column":123}},"233":{"start":{"line":17,"column":37},"end":{"line":17,"column":101}},"234":{"start":{"line":17,"column":88},"end":{"line":17,"column":101}},"235":{"start":{"line":17,"column":113},"end":{"line":17,"column":138}},"236":{"start":{"line":17,"column":140},"end":{"line":17,"column":326}},"237":{"start":{"line":17,"column":176},"end":{"line":17,"column":211}},"238":{"start":{"line":17,"column":213},"end":{"line":17,"column":255}},"239":{"start":{"line":17,"column":244},"end":{"line":17,"column":255}},"240":{"start":{"line":17,"column":256},"end":{"line":17,"column":324}},"241":{"start":{"line":17,"column":327},"end":{"line":17,"column":379}},"242":{"start":{"line":18,"column":48},"end":{"line":72,"column":3}},"243":{"start":{"line":20,"column":4},"end":{"line":20,"column":56}},"244":{"start":{"line":22,"column":2},"end":{"line":70,"column":6}},"245":{"start":{"line":25,"column":26},"end":{"line":64,"column":9}},"246":{"start":{"line":27,"column":8},"end":{"line":63,"column":36}},"247":{"start":{"line":28,"column":10},"end":{"line":62,"column":11}},"248":{"start":{"line":28,"column":20},"end":{"line":62,"column":11}},"249":{"start":{"line":30,"column":14},"end":{"line":30,"column":32}},"250":{"start":{"line":31,"column":14},"end":{"line":31,"column":144}},"251":{"start":{"line":32,"column":14},"end":{"line":36,"column":17}},"252":{"start":{"line":37,"column":14},"end":{"line":42,"column":17}},"253":{"start":{"line":40,"column":16},"end":{"line":40,"column":62}},"254":{"start":{"line":40,"column":25},"end":{"line":40,"column":62}},"255":{"start":{"line":41,"column":16},"end":{"line":41,"column":36}},"256":{"start":{"line":43,"column":14},"end":{"line":49,"column":17}},"257":{"start":{"line":44,"column":16},"end":{"line":44,"column":49}},"258":{"start":{"line":44,"column":25},"end":{"line":44,"column":49}},"259":{"start":{"line":45,"column":16},"end":{"line":48,"column":19}},"260":{"start":{"line":50,"column":14},"end":{"line":50,"column":33}},"261":{"start":{"line":51,"column":14},"end":{"line":51,"column":20}},"262":{"start":{"line":53,"column":14},"end":{"line":53,"column":32}},"263":{"start":{"line":54,"column":14},"end":{"line":54,"column":49}},"264":{"start":{"line":55,"column":14},"end":{"line":58,"column":18}},"265":{"start":{"line":61,"column":14},"end":{"line":61,"column":37}},"266":{"start":{"line":66,"column":8},"end":{"line":66,"column":52}},"267":{"start":{"line":68,"column":6},"end":{"line":68,"column":26}},"268":{"start":{"line":71,"column":2},"end":{"line":71,"column":38}},"269":{"start":{"line":73,"column":0},"end":{"line":73,"column":68}},"270":{"start":{"line":74,"column":26},"end":{"line":74,"column":60}},"271":{"start":{"line":75,"column":15},"end":{"line":75,"column":34}},"272":{"start":{"line":76,"column":0},"end":{"line":76,"column":30}}},"fnMap":{"0":{"name":"_interopRequireDefault","decl":{"start":{"line":8,"column":9},"end":{"line":8,"column":31}},"loc":{"start":{"line":8,"column":37},"end":{"line":8,"column":97}},"line":8},"1":{"name":"_typeof","decl":{"start":{"line":9,"column":9},"end":{"line":9,"column":16}},"loc":{"start":{"line":9,"column":22},"end":{"line":9,"column":336}},"line":9},"2":{"name":"(anonymous_2)","decl":{"start":{"line":9,"column":136},"end":{"line":9,"column":137}},"loc":{"start":{"line":9,"column":151},"end":{"line":9,"column":173}},"line":9},"3":{"name":"(anonymous_3)","decl":{"start":{"line":9,"column":176},"end":{"line":9,"column":177}},"loc":{"start":{"line":9,"column":191},"end":{"line":9,"column":319}},"line":9},"4":{"name":"_regeneratorRuntime","decl":{"start":{"line":10,"column":9},"end":{"line":10,"column":28}},"loc":{"start":{"line":10,"column":31},"end":{"line":10,"column":12096}},"line":10},"5":{"name":"_regeneratorRuntime","decl":{"start":{"line":10,"column":227},"end":{"line":10,"column":246}},"loc":{"start":{"line":10,"column":249},"end":{"line":10,"column":268}},"line":10},"6":{"name":"(anonymous_6)","decl":{"start":{"line":10,"column":381},"end":{"line":10,"column":382}},"loc":{"start":{"line":10,"column":407},"end":{"line":10,"column":433}},"line":10},"7":{"name":"define","decl":{"start":{"line":10,"column":674},"end":{"line":10,"column":680}},"loc":{"start":{"line":10,"column":698},"end":{"line":10,"column":817}},"line":10},"8":{"name":"define","decl":{"start":{"line":10,"column":874},"end":{"line":10,"column":880}},"loc":{"start":{"line":10,"column":898},"end":{"line":10,"column":926}},"line":10},"9":{"name":"wrap","decl":{"start":{"line":10,"column":939},"end":{"line":10,"column":943}},"loc":{"start":{"line":10,"column":981},"end":{"line":10,"column":1282}},"line":10},"10":{"name":"tryCatch","decl":{"start":{"line":10,"column":1292},"end":{"line":10,"column":1300}},"loc":{"start":{"line":10,"column":1315},"end":{"line":10,"column":1429}},"line":10},"11":{"name":"Generator","decl":{"start":{"line":10,"column":1487},"end":{"line":10,"column":1496}},"loc":{"start":{"line":10,"column":1499},"end":{"line":10,"column":1501}},"line":10},"12":{"name":"GeneratorFunction","decl":{"start":{"line":10,"column":1511},"end":{"line":10,"column":1528}},"loc":{"start":{"line":10,"column":1531},"end":{"line":10,"column":1533}},"line":10},"13":{"name":"GeneratorFunctionPrototype","decl":{"start":{"line":10,"column":1543},"end":{"line":10,"column":1569}},"loc":{"start":{"line":10,"column":1572},"end":{"line":10,"column":1574}},"line":10},"14":{"name":"(anonymous_14)","decl":{"start":{"line":10,"column":1645},"end":{"line":10,"column":1646}},"loc":{"start":{"line":10,"column":1657},"end":{"line":10,"column":1673}},"line":10},"15":{"name":"defineIteratorMethods","decl":{"start":{"line":10,"column":2061},"end":{"line":10,"column":2082}},"loc":{"start":{"line":10,"column":2094},"end":{"line":10,"column":2238}},"line":10},"16":{"name":"(anonymous_16)","decl":{"start":{"line":10,"column":2132},"end":{"line":10,"column":2133}},"loc":{"start":{"line":10,"column":2150},"end":{"line":10,"column":2234}},"line":10},"17":{"name":"(anonymous_17)","decl":{"start":{"line":10,"column":2178},"end":{"line":10,"column":2179}},"loc":{"start":{"line":10,"column":2193},"end":{"line":10,"column":2230}},"line":10},"18":{"name":"AsyncIterator","decl":{"start":{"line":10,"column":2248},"end":{"line":10,"column":2261}},"loc":{"start":{"line":10,"column":2286},"end":{"line":10,"column":3296}},"line":10},"19":{"name":"invoke","decl":{"start":{"line":10,"column":2297},"end":{"line":10,"column":2303}},"loc":{"start":{"line":10,"column":2334},"end":{"line":10,"column":2908}},"line":10},"20":{"name":"(anonymous_20)","decl":{"start":{"line":10,"column":2590},"end":{"line":10,"column":2591}},"loc":{"start":{"line":10,"column":2607},"end":{"line":10,"column":2650}},"line":10},"21":{"name":"(anonymous_21)","decl":{"start":{"line":10,"column":2652},"end":{"line":10,"column":2653}},"loc":{"start":{"line":10,"column":2667},"end":{"line":10,"column":2709}},"line":10},"22":{"name":"(anonymous_22)","decl":{"start":{"line":10,"column":2745},"end":{"line":10,"column":2746}},"loc":{"start":{"line":10,"column":2766},"end":{"line":10,"column":2812}},"line":10},"23":{"name":"(anonymous_23)","decl":{"start":{"line":10,"column":2814},"end":{"line":10,"column":2815}},"loc":{"start":{"line":10,"column":2831},"end":{"line":10,"column":2882}},"line":10},"24":{"name":"value","decl":{"start":{"line":10,"column":2980},"end":{"line":10,"column":2985}},"loc":{"start":{"line":10,"column":2999},"end":{"line":10,"column":3290}},"line":10},"25":{"name":"callInvokeWithMethodAndArg","decl":{"start":{"line":10,"column":3010},"end":{"line":10,"column":3036}},"loc":{"start":{"line":10,"column":3039},"end":{"line":10,"column":3136}},"line":10},"26":{"name":"(anonymous_26)","decl":{"start":{"line":10,"column":3064},"end":{"line":10,"column":3065}},"loc":{"start":{"line":10,"column":3091},"end":{"line":10,"column":3132}},"line":10},"27":{"name":"makeInvokeMethod","decl":{"start":{"line":10,"column":3306},"end":{"line":10,"column":3322}},"loc":{"start":{"line":10,"column":3347},"end":{"line":10,"column":4501}},"line":10},"28":{"name":"(anonymous_28)","decl":{"start":{"line":10,"column":3386},"end":{"line":10,"column":3387}},"loc":{"start":{"line":10,"column":3409},"end":{"line":10,"column":4498}},"line":10},"29":{"name":"maybeInvokeDelegate","decl":{"start":{"line":10,"column":4511},"end":{"line":10,"column":4530}},"loc":{"start":{"line":10,"column":4550},"end":{"line":10,"column":5621}},"line":10},"30":{"name":"pushTryEntry","decl":{"start":{"line":10,"column":5631},"end":{"line":10,"column":5643}},"loc":{"start":{"line":10,"column":5650},"end":{"line":10,"column":5825}},"line":10},"31":{"name":"resetTryEntry","decl":{"start":{"line":10,"column":5835},"end":{"line":10,"column":5848}},"loc":{"start":{"line":10,"column":5856},"end":{"line":10,"column":5966}},"line":10},"32":{"name":"Context","decl":{"start":{"line":10,"column":5976},"end":{"line":10,"column":5983}},"loc":{"start":{"line":10,"column":5997},"end":{"line":10,"column":6097}},"line":10},"33":{"name":"values","decl":{"start":{"line":10,"column":6107},"end":{"line":10,"column":6113}},"loc":{"start":{"line":10,"column":6124},"end":{"line":10,"column":6603}},"line":10},"34":{"name":"next","decl":{"start":{"line":10,"column":6363},"end":{"line":10,"column":6367}},"loc":{"start":{"line":10,"column":6370},"end":{"line":10,"column":6542}},"line":10},"35":{"name":"doneResult","decl":{"start":{"line":10,"column":6613},"end":{"line":10,"column":6623}},"loc":{"start":{"line":10,"column":6626},"end":{"line":10,"column":6668}},"line":10},"36":{"name":"(anonymous_36)","decl":{"start":{"line":10,"column":7071},"end":{"line":10,"column":7072}},"loc":{"start":{"line":10,"column":7089},"end":{"line":10,"column":7260}},"line":10},"37":{"name":"(anonymous_37)","decl":{"start":{"line":10,"column":7277},"end":{"line":10,"column":7278}},"loc":{"start":{"line":10,"column":7295},"end":{"line":10,"column":7540}},"line":10},"38":{"name":"(anonymous_38)","decl":{"start":{"line":10,"column":7558},"end":{"line":10,"column":7559}},"loc":{"start":{"line":10,"column":7573},"end":{"line":10,"column":7601}},"line":10},"39":{"name":"(anonymous_39)","decl":{"start":{"line":10,"column":7704},"end":{"line":10,"column":7705}},"loc":{"start":{"line":10,"column":7716},"end":{"line":10,"column":7732}},"line":10},"40":{"name":"(anonymous_40)","decl":{"start":{"line":10,"column":7790},"end":{"line":10,"column":7791}},"loc":{"start":{"line":10,"column":7850},"end":{"line":10,"column":8133}},"line":10},"41":{"name":"(anonymous_41)","decl":{"start":{"line":10,"column":8059},"end":{"line":10,"column":8060}},"loc":{"start":{"line":10,"column":8077},"end":{"line":10,"column":8129}},"line":10},"42":{"name":"(anonymous_42)","decl":{"start":{"line":10,"column":8233},"end":{"line":10,"column":8234}},"loc":{"start":{"line":10,"column":8245},"end":{"line":10,"column":8261}},"line":10},"43":{"name":"(anonymous_43)","decl":{"start":{"line":10,"column":8287},"end":{"line":10,"column":8288}},"loc":{"start":{"line":10,"column":8299},"end":{"line":10,"column":8331}},"line":10},"44":{"name":"(anonymous_44)","decl":{"start":{"line":10,"column":8349},"end":{"line":10,"column":8350}},"loc":{"start":{"line":10,"column":8364},"end":{"line":10,"column":8630}},"line":10},"45":{"name":"next","decl":{"start":{"line":10,"column":8475},"end":{"line":10,"column":8479}},"loc":{"start":{"line":10,"column":8482},"end":{"line":10,"column":8627}},"line":10},"46":{"name":"reset","decl":{"start":{"line":10,"column":8717},"end":{"line":10,"column":8722}},"loc":{"start":{"line":10,"column":8738},"end":{"line":10,"column":9077}},"line":10},"47":{"name":"stop","decl":{"start":{"line":10,"column":9094},"end":{"line":10,"column":9098}},"loc":{"start":{"line":10,"column":9101},"end":{"line":10,"column":9241}},"line":10},"48":{"name":"dispatchException","decl":{"start":{"line":10,"column":9271},"end":{"line":10,"column":9288}},"loc":{"start":{"line":10,"column":9300},"end":{"line":10,"column":10239}},"line":10},"49":{"name":"handle","decl":{"start":{"line":10,"column":9363},"end":{"line":10,"column":9369}},"loc":{"start":{"line":10,"column":9383},"end":{"line":10,"column":9532}},"line":10},"50":{"name":"abrupt","decl":{"start":{"line":10,"column":10258},"end":{"line":10,"column":10264}},"loc":{"start":{"line":10,"column":10276},"end":{"line":10,"column":10874}},"line":10},"51":{"name":"complete","decl":{"start":{"line":10,"column":10895},"end":{"line":10,"column":10903}},"loc":{"start":{"line":10,"column":10922},"end":{"line":10,"column":11250}},"line":10},"52":{"name":"finish","decl":{"start":{"line":10,"column":11269},"end":{"line":10,"column":11275}},"loc":{"start":{"line":10,"column":11288},"end":{"line":10,"column":11514}},"line":10},"53":{"name":"_catch","decl":{"start":{"line":10,"column":11534},"end":{"line":10,"column":11540}},"loc":{"start":{"line":10,"column":11549},"end":{"line":10,"column":11843}},"line":10},"54":{"name":"delegateYield","decl":{"start":{"line":10,"column":11869},"end":{"line":10,"column":11882}},"loc":{"start":{"line":10,"column":11914},"end":{"line":10,"column":12082}},"line":10},"55":{"name":"asyncGeneratorStep","decl":{"start":{"line":11,"column":9},"end":{"line":11,"column":27}},"loc":{"start":{"line":11,"column":75},"end":{"line":11,"column":265}},"line":11},"56":{"name":"_asyncToGenerator","decl":{"start":{"line":12,"column":9},"end":{"line":12,"column":26}},"loc":{"start":{"line":12,"column":31},"end":{"line":12,"column":389}},"line":12},"57":{"name":"(anonymous_57)","decl":{"start":{"line":12,"column":40},"end":{"line":12,"column":41}},"loc":{"start":{"line":12,"column":52},"end":{"line":12,"column":386}},"line":12},"58":{"name":"(anonymous_58)","decl":{"start":{"line":12,"column":108},"end":{"line":12,"column":109}},"loc":{"start":{"line":12,"column":135},"end":{"line":12,"column":382}},"line":12},"59":{"name":"_next","decl":{"start":{"line":12,"column":178},"end":{"line":12,"column":183}},"loc":{"start":{"line":12,"column":191},"end":{"line":12,"column":266}},"line":12},"60":{"name":"_throw","decl":{"start":{"line":12,"column":276},"end":{"line":12,"column":282}},"loc":{"start":{"line":12,"column":288},"end":{"line":12,"column":362}},"line":12},"61":{"name":"_classCallCheck","decl":{"start":{"line":13,"column":9},"end":{"line":13,"column":24}},"loc":{"start":{"line":13,"column":48},"end":{"line":13,"column":153}},"line":13},"62":{"name":"_defineProperties","decl":{"start":{"line":14,"column":9},"end":{"line":14,"column":26}},"loc":{"start":{"line":14,"column":42},"end":{"line":14,"column":333}},"line":14},"63":{"name":"_createClass","decl":{"start":{"line":15,"column":9},"end":{"line":15,"column":21}},"loc":{"start":{"line":15,"column":60},"end":{"line":15,"column":285}},"line":15},"64":{"name":"_toPropertyKey","decl":{"start":{"line":16,"column":9},"end":{"line":16,"column":23}},"loc":{"start":{"line":16,"column":29},"end":{"line":16,"column":125}},"line":16},"65":{"name":"_toPrimitive","decl":{"start":{"line":17,"column":9},"end":{"line":17,"column":21}},"loc":{"start":{"line":17,"column":35},"end":{"line":17,"column":381}},"line":17},"66":{"name":"(anonymous_66)","decl":{"start":{"line":18,"column":48},"end":{"line":18,"column":49}},"loc":{"start":{"line":18,"column":60},"end":{"line":72,"column":1}},"line":18},"67":{"name":"GenerateCarQRCodeControllers","decl":{"start":{"line":19,"column":11},"end":{"line":19,"column":39}},"loc":{"start":{"line":19,"column":42},"end":{"line":21,"column":3}},"line":19},"68":{"name":"(anonymous_68)","decl":{"start":{"line":24,"column":11},"end":{"line":24,"column":12}},"loc":{"start":{"line":24,"column":23},"end":{"line":69,"column":5}},"line":24},"69":{"name":"_callee","decl":{"start":{"line":25,"column":94},"end":{"line":25,"column":101}},"loc":{"start":{"line":25,"column":112},"end":{"line":64,"column":7}},"line":25},"70":{"name":"_callee$","decl":{"start":{"line":27,"column":51},"end":{"line":27,"column":59}},"loc":{"start":{"line":27,"column":70},"end":{"line":63,"column":9}},"line":27},"71":{"name":"(anonymous_71)","decl":{"start":{"line":39,"column":17},"end":{"line":39,"column":18}},"loc":{"start":{"line":39,"column":40},"end":{"line":42,"column":15}},"line":39},"72":{"name":"(anonymous_72)","decl":{"start":{"line":43,"column":55},"end":{"line":43,"column":56}},"loc":{"start":{"line":43,"column":76},"end":{"line":49,"column":15}},"line":43},"73":{"name":"createQRCode","decl":{"start":{"line":65,"column":15},"end":{"line":65,"column":27}},"loc":{"start":{"line":65,"column":37},"end":{"line":67,"column":7}},"line":65}},"branchMap":{"0":{"loc":{"start":{"line":8,"column":46},"end":{"line":8,"column":94}},"type":"cond-expr","locations":[{"start":{"line":8,"column":70},"end":{"line":8,"column":73}},{"start":{"line":8,"column":76},"end":{"line":8,"column":94}}],"line":8},"1":{"loc":{"start":{"line":8,"column":46},"end":{"line":8,"column":67}},"type":"binary-expr","locations":[{"start":{"line":8,"column":46},"end":{"line":8,"column":49}},{"start":{"line":8,"column":53},"end":{"line":8,"column":67}}],"line":8},"2":{"loc":{"start":{"line":9,"column":68},"end":{"line":9,"column":319}},"type":"cond-expr","locations":[{"start":{"line":9,"column":136},"end":{"line":9,"column":173}},{"start":{"line":9,"column":176},"end":{"line":9,"column":319}}],"line":9},"3":{"loc":{"start":{"line":9,"column":68},"end":{"line":9,"column":133}},"type":"binary-expr","locations":[{"start":{"line":9,"column":68},"end":{"line":9,"column":95}},{"start":{"line":9,"column":99},"end":{"line":9,"column":133}}],"line":9},"4":{"loc":{"start":{"line":9,"column":200},"end":{"line":9,"column":316}},"type":"cond-expr","locations":[{"start":{"line":9,"column":295},"end":{"line":9,"column":303}},{"start":{"line":9,"column":306},"end":{"line":9,"column":316}}],"line":9},"5":{"loc":{"start":{"line":9,"column":200},"end":{"line":9,"column":292}},"type":"binary-expr","locations":[{"start":{"line":9,"column":200},"end":{"line":9,"column":203}},{"start":{"line":9,"column":207},"end":{"line":9,"column":234}},{"start":{"line":9,"column":238},"end":{"line":9,"column":264}},{"start":{"line":9,"column":268},"end":{"line":9,"column":292}}],"line":9},"6":{"loc":{"start":{"line":10,"column":356},"end":{"line":10,"column":433}},"type":"binary-expr","locations":[{"start":{"line":10,"column":356},"end":{"line":10,"column":377}},{"start":{"line":10,"column":381},"end":{"line":10,"column":433}}],"line":10},"7":{"loc":{"start":{"line":10,"column":445},"end":{"line":10,"column":486}},"type":"cond-expr","locations":[{"start":{"line":10,"column":475},"end":{"line":10,"column":481}},{"start":{"line":10,"column":484},"end":{"line":10,"column":486}}],"line":10},"8":{"loc":{"start":{"line":10,"column":505},"end":{"line":10,"column":537}},"type":"binary-expr","locations":[{"start":{"line":10,"column":505},"end":{"line":10,"column":521}},{"start":{"line":10,"column":525},"end":{"line":10,"column":537}}],"line":10},"9":{"loc":{"start":{"line":10,"column":561},"end":{"line":10,"column":603}},"type":"binary-expr","locations":[{"start":{"line":10,"column":561},"end":{"line":10,"column":582}},{"start":{"line":10,"column":586},"end":{"line":10,"column":603}}],"line":10},"10":{"loc":{"start":{"line":10,"column":625},"end":{"line":10,"column":663}},"type":"binary-expr","locations":[{"start":{"line":10,"column":625},"end":{"line":10,"column":644}},{"start":{"line":10,"column":648},"end":{"line":10,"column":663}}],"line":10},"11":{"loc":{"start":{"line":10,"column":1004},"end":{"line":10,"column":1075}},"type":"cond-expr","locations":[{"start":{"line":10,"column":1056},"end":{"line":10,"column":1063}},{"start":{"line":10,"column":1066},"end":{"line":10,"column":1075}}],"line":10},"12":{"loc":{"start":{"line":10,"column":1004},"end":{"line":10,"column":1053}},"type":"binary-expr","locations":[{"start":{"line":10,"column":1004},"end":{"line":10,"column":1011}},{"start":{"line":10,"column":1015},"end":{"line":10,"column":1053}}],"line":10},"13":{"loc":{"start":{"line":10,"column":1152},"end":{"line":10,"column":1169}},"type":"binary-expr","locations":[{"start":{"line":10,"column":1152},"end":{"line":10,"column":1163}},{"start":{"line":10,"column":1167},"end":{"line":10,"column":1169}}],"line":10},"14":{"loc":{"start":{"line":10,"column":1740},"end":{"line":10,"column":1782}},"type":"binary-expr","locations":[{"start":{"line":10,"column":1740},"end":{"line":10,"column":1748}},{"start":{"line":10,"column":1752},"end":{"line":10,"column":1782}}],"line":10},"15":{"loc":{"start":{"line":10,"column":1784},"end":{"line":10,"column":1946}},"type":"binary-expr","locations":[{"start":{"line":10,"column":1784},"end":{"line":10,"column":1807}},{"start":{"line":10,"column":1811},"end":{"line":10,"column":1841}},{"start":{"line":10,"column":1845},"end":{"line":10,"column":1897}},{"start":{"line":10,"column":1902},"end":{"line":10,"column":1945}}],"line":10},"16":{"loc":{"start":{"line":10,"column":2394},"end":{"line":10,"column":2886}},"type":"if","locations":[{"start":{"line":10,"column":2394},"end":{"line":10,"column":2886}},{"start":{"line":10,"column":2394},"end":{"line":10,"column":2886}}],"line":10},"17":{"loc":{"start":{"line":10,"column":2479},"end":{"line":10,"column":2883}},"type":"cond-expr","locations":[{"start":{"line":10,"column":2550},"end":{"line":10,"column":2710}},{"start":{"line":10,"column":2713},"end":{"line":10,"column":2883}}],"line":10},"18":{"loc":{"start":{"line":10,"column":2479},"end":{"line":10,"column":2547}},"type":"binary-expr","locations":[{"start":{"line":10,"column":2479},"end":{"line":10,"column":2484}},{"start":{"line":10,"column":2488},"end":{"line":10,"column":2514}},{"start":{"line":10,"column":2518},"end":{"line":10,"column":2547}}],"line":10},"19":{"loc":{"start":{"line":10,"column":3162},"end":{"line":10,"column":3287}},"type":"cond-expr","locations":[{"start":{"line":10,"column":3180},"end":{"line":10,"column":3256}},{"start":{"line":10,"column":3259},"end":{"line":10,"column":3287}}],"line":10},"20":{"loc":{"start":{"line":10,"column":3411},"end":{"line":10,"column":3486}},"type":"if","locations":[{"start":{"line":10,"column":3411},"end":{"line":10,"column":3486}},{"start":{"line":10,"column":3411},"end":{"line":10,"column":3486}}],"line":10},"21":{"loc":{"start":{"line":10,"column":3487},"end":{"line":10,"column":3573}},"type":"if","locations":[{"start":{"line":10,"column":3487},"end":{"line":10,"column":3573}},{"start":{"line":10,"column":3487},"end":{"line":10,"column":3573}}],"line":10},"22":{"loc":{"start":{"line":10,"column":3516},"end":{"line":10,"column":3550}},"type":"if","locations":[{"start":{"line":10,"column":3516},"end":{"line":10,"column":3550}},{"start":{"line":10,"column":3516},"end":{"line":10,"column":3550}}],"line":10},"23":{"loc":{"start":{"line":10,"column":3660},"end":{"line":10,"column":3836}},"type":"if","locations":[{"start":{"line":10,"column":3660},"end":{"line":10,"column":3836}},{"start":{"line":10,"column":3660},"end":{"line":10,"column":3836}}],"line":10},"24":{"loc":{"start":{"line":10,"column":3737},"end":{"line":10,"column":3834}},"type":"if","locations":[{"start":{"line":10,"column":3737},"end":{"line":10,"column":3834}},{"start":{"line":10,"column":3737},"end":{"line":10,"column":3834}}],"line":10},"25":{"loc":{"start":{"line":10,"column":3759},"end":{"line":10,"column":3809}},"type":"if","locations":[{"start":{"line":10,"column":3759},"end":{"line":10,"column":3809}},{"start":{"line":10,"column":3759},"end":{"line":10,"column":3809}}],"line":10},"26":{"loc":{"start":{"line":10,"column":3837},"end":{"line":10,"column":4138}},"type":"if","locations":[{"start":{"line":10,"column":3837},"end":{"line":10,"column":4138}},{"start":{"line":10,"column":3837},"end":{"line":10,"column":4138}}],"line":10},"27":{"loc":{"start":{"line":10,"column":3916},"end":{"line":10,"column":4138}},"type":"if","locations":[{"start":{"line":10,"column":3916},"end":{"line":10,"column":4138}},{"start":{"line":10,"column":3916},"end":{"line":10,"column":4138}}],"line":10},"28":{"loc":{"start":{"line":10,"column":3950},"end":{"line":10,"column":4021}},"type":"if","locations":[{"start":{"line":10,"column":3950},"end":{"line":10,"column":4021}},{"start":{"line":10,"column":3950},"end":{"line":10,"column":4021}}],"line":10},"29":{"loc":{"start":{"line":10,"column":4069},"end":{"line":10,"column":4137}},"type":"binary-expr","locations":[{"start":{"line":10,"column":4069},"end":{"line":10,"column":4096}},{"start":{"line":10,"column":4100},"end":{"line":10,"column":4137}}],"line":10},"30":{"loc":{"start":{"line":10,"column":4207},"end":{"line":10,"column":4392}},"type":"if","locations":[{"start":{"line":10,"column":4207},"end":{"line":10,"column":4392}},{"start":{"line":10,"column":4207},"end":{"line":10,"column":4392}}],"line":10},"31":{"loc":{"start":{"line":10,"column":4239},"end":{"line":10,"column":4340}},"type":"if","locations":[{"start":{"line":10,"column":4239},"end":{"line":10,"column":4340}},{"start":{"line":10,"column":4239},"end":{"line":10,"column":4340}}],"line":10},"32":{"loc":{"start":{"line":10,"column":4251},"end":{"line":10,"column":4296}},"type":"cond-expr","locations":[{"start":{"line":10,"column":4266},"end":{"line":10,"column":4277}},{"start":{"line":10,"column":4280},"end":{"line":10,"column":4296}}],"line":10},"33":{"loc":{"start":{"line":10,"column":4393},"end":{"line":10,"column":4493}},"type":"binary-expr","locations":[{"start":{"line":10,"column":4393},"end":{"line":10,"column":4416}},{"start":{"line":10,"column":4421},"end":{"line":10,"column":4492}}],"line":10},"34":{"loc":{"start":{"line":10,"column":4625},"end":{"line":10,"column":5028}},"type":"if","locations":[{"start":{"line":10,"column":4625},"end":{"line":10,"column":5028}},{"start":{"line":10,"column":4625},"end":{"line":10,"column":5028}}],"line":10},"35":{"loc":{"start":{"line":10,"column":4683},"end":{"line":10,"column":5009}},"type":"binary-expr","locations":[{"start":{"line":10,"column":4683},"end":{"line":10,"column":4705}},{"start":{"line":10,"column":4709},"end":{"line":10,"column":4736}},{"start":{"line":10,"column":4741},"end":{"line":10,"column":4859}},{"start":{"line":10,"column":4864},"end":{"line":10,"column":4887}},{"start":{"line":10,"column":4892},"end":{"line":10,"column":5008}}],"line":10},"36":{"loc":{"start":{"line":10,"column":5092},"end":{"line":10,"column":5222}},"type":"if","locations":[{"start":{"line":10,"column":5092},"end":{"line":10,"column":5222}},{"start":{"line":10,"column":5092},"end":{"line":10,"column":5222}}],"line":10},"37":{"loc":{"start":{"line":10,"column":5253},"end":{"line":10,"column":5618}},"type":"cond-expr","locations":[{"start":{"line":10,"column":5260},"end":{"line":10,"column":5481}},{"start":{"line":10,"column":5485},"end":{"line":10,"column":5617}}],"line":10},"38":{"loc":{"start":{"line":10,"column":5260},"end":{"line":10,"column":5481}},"type":"cond-expr","locations":[{"start":{"line":10,"column":5273},"end":{"line":10,"column":5473}},{"start":{"line":10,"column":5477},"end":{"line":10,"column":5481}}],"line":10},"39":{"loc":{"start":{"line":10,"column":5349},"end":{"line":10,"column":5430}},"type":"binary-expr","locations":[{"start":{"line":10,"column":5349},"end":{"line":10,"column":5376}},{"start":{"line":10,"column":5381},"end":{"line":10,"column":5429}}],"line":10},"40":{"loc":{"start":{"line":10,"column":5685},"end":{"line":10,"column":5724}},"type":"binary-expr","locations":[{"start":{"line":10,"column":5685},"end":{"line":10,"column":5694}},{"start":{"line":10,"column":5699},"end":{"line":10,"column":5723}}],"line":10},"41":{"loc":{"start":{"line":10,"column":5726},"end":{"line":10,"column":5793}},"type":"binary-expr","locations":[{"start":{"line":10,"column":5726},"end":{"line":10,"column":5735}},{"start":{"line":10,"column":5740},"end":{"line":10,"column":5792}}],"line":10},"42":{"loc":{"start":{"line":10,"column":5871},"end":{"line":10,"column":5893}},"type":"binary-expr","locations":[{"start":{"line":10,"column":5871},"end":{"line":10,"column":5887}},{"start":{"line":10,"column":5891},"end":{"line":10,"column":5893}}],"line":10},"43":{"loc":{"start":{"line":10,"column":6126},"end":{"line":10,"column":6572}},"type":"if","locations":[{"start":{"line":10,"column":6126},"end":{"line":10,"column":6572}},{"start":{"line":10,"column":6126},"end":{"line":10,"column":6572}}],"line":10},"44":{"loc":{"start":{"line":10,"column":6189},"end":{"line":10,"column":6246}},"type":"if","locations":[{"start":{"line":10,"column":6189},"end":{"line":10,"column":6246}},{"start":{"line":10,"column":6189},"end":{"line":10,"column":6246}}],"line":10},"45":{"loc":{"start":{"line":10,"column":6247},"end":{"line":10,"column":6303}},"type":"if","locations":[{"start":{"line":10,"column":6247},"end":{"line":10,"column":6303}},{"start":{"line":10,"column":6247},"end":{"line":10,"column":6303}}],"line":10},"46":{"loc":{"start":{"line":10,"column":6304},"end":{"line":10,"column":6570}},"type":"if","locations":[{"start":{"line":10,"column":6304},"end":{"line":10,"column":6570}},{"start":{"line":10,"column":6304},"end":{"line":10,"column":6570}}],"line":10},"47":{"loc":{"start":{"line":10,"column":6403},"end":{"line":10,"column":6487}},"type":"if","locations":[{"start":{"line":10,"column":6403},"end":{"line":10,"column":6487}},{"start":{"line":10,"column":6403},"end":{"line":10,"column":6487}}],"line":10},"48":{"loc":{"start":{"line":10,"column":7102},"end":{"line":10,"column":7151}},"type":"binary-expr","locations":[{"start":{"line":10,"column":7102},"end":{"line":10,"column":7129}},{"start":{"line":10,"column":7133},"end":{"line":10,"column":7151}}],"line":10},"49":{"loc":{"start":{"line":10,"column":7160},"end":{"line":10,"column":7257}},"type":"binary-expr","locations":[{"start":{"line":10,"column":7160},"end":{"line":10,"column":7166}},{"start":{"line":10,"column":7171},"end":{"line":10,"column":7197}},{"start":{"line":10,"column":7201},"end":{"line":10,"column":7256}}],"line":10},"50":{"loc":{"start":{"line":10,"column":7226},"end":{"line":10,"column":7255}},"type":"binary-expr","locations":[{"start":{"line":10,"column":7226},"end":{"line":10,"column":7242}},{"start":{"line":10,"column":7246},"end":{"line":10,"column":7255}}],"line":10},"51":{"loc":{"start":{"line":10,"column":7304},"end":{"line":10,"column":7491}},"type":"cond-expr","locations":[{"start":{"line":10,"column":7328},"end":{"line":10,"column":7385}},{"start":{"line":10,"column":7389},"end":{"line":10,"column":7490}}],"line":10},"52":{"loc":{"start":{"line":10,"column":7852},"end":{"line":10,"column":7901}},"type":"binary-expr","locations":[{"start":{"line":10,"column":7852},"end":{"line":10,"column":7874}},{"start":{"line":10,"column":7879},"end":{"line":10,"column":7900}}],"line":10},"53":{"loc":{"start":{"line":10,"column":7996},"end":{"line":10,"column":8130}},"type":"cond-expr","locations":[{"start":{"line":10,"column":8035},"end":{"line":10,"column":8039}},{"start":{"line":10,"column":8042},"end":{"line":10,"column":8130}}],"line":10},"54":{"loc":{"start":{"line":10,"column":8086},"end":{"line":10,"column":8126}},"type":"cond-expr","locations":[{"start":{"line":10,"column":8100},"end":{"line":10,"column":8112}},{"start":{"line":10,"column":8115},"end":{"line":10,"column":8126}}],"line":10},"55":{"loc":{"start":{"line":10,"column":8529},"end":{"line":10,"column":8594}},"type":"if","locations":[{"start":{"line":10,"column":8529},"end":{"line":10,"column":8594}},{"start":{"line":10,"column":8529},"end":{"line":10,"column":8594}}],"line":10},"56":{"loc":{"start":{"line":10,"column":8740},"end":{"line":10,"column":9075}},"type":"if","locations":[{"start":{"line":10,"column":8740},"end":{"line":10,"column":9075}},{"start":{"line":10,"column":8740},"end":{"line":10,"column":9075}}],"line":10},"57":{"loc":{"start":{"line":10,"column":8971},"end":{"line":10,"column":9074}},"type":"binary-expr","locations":[{"start":{"line":10,"column":8971},"end":{"line":10,"column":8993}},{"start":{"line":10,"column":8997},"end":{"line":10,"column":9020}},{"start":{"line":10,"column":9024},"end":{"line":10,"column":9046}},{"start":{"line":10,"column":9051},"end":{"line":10,"column":9073}}],"line":10},"58":{"loc":{"start":{"line":10,"column":9167},"end":{"line":10,"column":9221}},"type":"if","locations":[{"start":{"line":10,"column":9167},"end":{"line":10,"column":9221}},{"start":{"line":10,"column":9167},"end":{"line":10,"column":9221}}],"line":10},"59":{"loc":{"start":{"line":10,"column":9302},"end":{"line":10,"column":9333}},"type":"if","locations":[{"start":{"line":10,"column":9302},"end":{"line":10,"column":9333}},{"start":{"line":10,"column":9302},"end":{"line":10,"column":9333}}],"line":10},"60":{"loc":{"start":{"line":10,"column":9459},"end":{"line":10,"column":9519}},"type":"binary-expr","locations":[{"start":{"line":10,"column":9459},"end":{"line":10,"column":9465}},{"start":{"line":10,"column":9470},"end":{"line":10,"column":9518}}],"line":10},"61":{"loc":{"start":{"line":10,"column":9648},"end":{"line":10,"column":9698}},"type":"if","locations":[{"start":{"line":10,"column":9648},"end":{"line":10,"column":9698}},{"start":{"line":10,"column":9648},"end":{"line":10,"column":9698}}],"line":10},"62":{"loc":{"start":{"line":10,"column":9699},"end":{"line":10,"column":10235}},"type":"if","locations":[{"start":{"line":10,"column":9699},"end":{"line":10,"column":10235}},{"start":{"line":10,"column":9699},"end":{"line":10,"column":10235}}],"line":10},"63":{"loc":{"start":{"line":10,"column":9826},"end":{"line":10,"column":10233}},"type":"if","locations":[{"start":{"line":10,"column":9826},"end":{"line":10,"column":10233}},{"start":{"line":10,"column":9826},"end":{"line":10,"column":10233}}],"line":10},"64":{"loc":{"start":{"line":10,"column":9830},"end":{"line":10,"column":9852}},"type":"binary-expr","locations":[{"start":{"line":10,"column":9830},"end":{"line":10,"column":9838}},{"start":{"line":10,"column":9842},"end":{"line":10,"column":9852}}],"line":10},"65":{"loc":{"start":{"line":10,"column":9856},"end":{"line":10,"column":9922}},"type":"if","locations":[{"start":{"line":10,"column":9856},"end":{"line":10,"column":9922}},{"start":{"line":10,"column":9856},"end":{"line":10,"column":9922}}],"line":10},"66":{"loc":{"start":{"line":10,"column":9923},"end":{"line":10,"column":9989}},"type":"if","locations":[{"start":{"line":10,"column":9923},"end":{"line":10,"column":9989}},{"start":{"line":10,"column":9923},"end":{"line":10,"column":9989}}],"line":10},"67":{"loc":{"start":{"line":10,"column":9997},"end":{"line":10,"column":10233}},"type":"if","locations":[{"start":{"line":10,"column":9997},"end":{"line":10,"column":10233}},{"start":{"line":10,"column":9997},"end":{"line":10,"column":10233}}],"line":10},"68":{"loc":{"start":{"line":10,"column":10013},"end":{"line":10,"column":10079}},"type":"if","locations":[{"start":{"line":10,"column":10013},"end":{"line":10,"column":10079}},{"start":{"line":10,"column":10013},"end":{"line":10,"column":10079}}],"line":10},"69":{"loc":{"start":{"line":10,"column":10089},"end":{"line":10,"column":10164}},"type":"if","locations":[{"start":{"line":10,"column":10089},"end":{"line":10,"column":10164}},{"start":{"line":10,"column":10089},"end":{"line":10,"column":10164}}],"line":10},"70":{"loc":{"start":{"line":10,"column":10165},"end":{"line":10,"column":10231}},"type":"if","locations":[{"start":{"line":10,"column":10165},"end":{"line":10,"column":10231}},{"start":{"line":10,"column":10165},"end":{"line":10,"column":10231}}],"line":10},"71":{"loc":{"start":{"line":10,"column":10366},"end":{"line":10,"column":10501}},"type":"if","locations":[{"start":{"line":10,"column":10366},"end":{"line":10,"column":10501}},{"start":{"line":10,"column":10366},"end":{"line":10,"column":10501}}],"line":10},"72":{"loc":{"start":{"line":10,"column":10370},"end":{"line":10,"column":10463}},"type":"binary-expr","locations":[{"start":{"line":10,"column":10370},"end":{"line":10,"column":10395}},{"start":{"line":10,"column":10399},"end":{"line":10,"column":10431}},{"start":{"line":10,"column":10435},"end":{"line":10,"column":10463}}],"line":10},"73":{"loc":{"start":{"line":10,"column":10504},"end":{"line":10,"column":10650}},"type":"binary-expr","locations":[{"start":{"line":10,"column":10504},"end":{"line":10,"column":10516}},{"start":{"line":10,"column":10521},"end":{"line":10,"column":10537}},{"start":{"line":10,"column":10541},"end":{"line":10,"column":10560}},{"start":{"line":10,"column":10565},"end":{"line":10,"column":10591}},{"start":{"line":10,"column":10595},"end":{"line":10,"column":10625}},{"start":{"line":10,"column":10630},"end":{"line":10,"column":10649}}],"line":10},"74":{"loc":{"start":{"line":10,"column":10665},"end":{"line":10,"column":10708}},"type":"cond-expr","locations":[{"start":{"line":10,"column":10680},"end":{"line":10,"column":10703}},{"start":{"line":10,"column":10706},"end":{"line":10,"column":10708}}],"line":10},"75":{"loc":{"start":{"line":10,"column":10755},"end":{"line":10,"column":10871}},"type":"cond-expr","locations":[{"start":{"line":10,"column":10771},"end":{"line":10,"column":10846}},{"start":{"line":10,"column":10850},"end":{"line":10,"column":10871}}],"line":10},"76":{"loc":{"start":{"line":10,"column":10924},"end":{"line":10,"column":10970}},"type":"if","locations":[{"start":{"line":10,"column":10924},"end":{"line":10,"column":10970}},{"start":{"line":10,"column":10924},"end":{"line":10,"column":10970}}],"line":10},"77":{"loc":{"start":{"line":10,"column":10978},"end":{"line":10,"column":11229}},"type":"cond-expr","locations":[{"start":{"line":10,"column":11034},"end":{"line":10,"column":11056}},{"start":{"line":10,"column":11059},"end":{"line":10,"column":11229}}],"line":10},"78":{"loc":{"start":{"line":10,"column":10978},"end":{"line":10,"column":11031}},"type":"binary-expr","locations":[{"start":{"line":10,"column":10978},"end":{"line":10,"column":11001}},{"start":{"line":10,"column":11005},"end":{"line":10,"column":11031}}],"line":10},"79":{"loc":{"start":{"line":10,"column":11059},"end":{"line":10,"column":11229}},"type":"cond-expr","locations":[{"start":{"line":10,"column":11087},"end":{"line":10,"column":11163}},{"start":{"line":10,"column":11167},"end":{"line":10,"column":11229}}],"line":10},"80":{"loc":{"start":{"line":10,"column":11167},"end":{"line":10,"column":11229}},"type":"binary-expr","locations":[{"start":{"line":10,"column":11167},"end":{"line":10,"column":11191}},{"start":{"line":10,"column":11195},"end":{"line":10,"column":11203}},{"start":{"line":10,"column":11208},"end":{"line":10,"column":11228}}],"line":10},"81":{"loc":{"start":{"line":10,"column":11378},"end":{"line":10,"column":11510}},"type":"if","locations":[{"start":{"line":10,"column":11378},"end":{"line":10,"column":11510}},{"start":{"line":10,"column":11378},"end":{"line":10,"column":11510}}],"line":10},"82":{"loc":{"start":{"line":10,"column":11639},"end":{"line":10,"column":11797}},"type":"if","locations":[{"start":{"line":10,"column":11639},"end":{"line":10,"column":11797}},{"start":{"line":10,"column":11639},"end":{"line":10,"column":11797}}],"line":10},"83":{"loc":{"start":{"line":10,"column":11701},"end":{"line":10,"column":11780}},"type":"if","locations":[{"start":{"line":10,"column":11701},"end":{"line":10,"column":11780}},{"start":{"line":10,"column":11701},"end":{"line":10,"column":11780}}],"line":10},"84":{"loc":{"start":{"line":10,"column":12013},"end":{"line":10,"column":12061}},"type":"binary-expr","locations":[{"start":{"line":10,"column":12013},"end":{"line":10,"column":12035}},{"start":{"line":10,"column":12040},"end":{"line":10,"column":12060}}],"line":10},"85":{"loc":{"start":{"line":11,"column":176},"end":{"line":11,"column":263}},"type":"if","locations":[{"start":{"line":11,"column":176},"end":{"line":11,"column":263}},{"start":{"line":11,"column":176},"end":{"line":11,"column":263}}],"line":11},"86":{"loc":{"start":{"line":13,"column":50},"end":{"line":13,"column":151}},"type":"if","locations":[{"start":{"line":13,"column":50},"end":{"line":13,"column":151}},{"start":{"line":13,"column":50},"end":{"line":13,"column":151}}],"line":13},"87":{"loc":{"start":{"line":14,"column":136},"end":{"line":14,"column":166}},"type":"binary-expr","locations":[{"start":{"line":14,"column":136},"end":{"line":14,"column":157}},{"start":{"line":14,"column":161},"end":{"line":14,"column":166}}],"line":14},"88":{"loc":{"start":{"line":14,"column":200},"end":{"line":14,"column":254}},"type":"if","locations":[{"start":{"line":14,"column":200},"end":{"line":14,"column":254}},{"start":{"line":14,"column":200},"end":{"line":14,"column":254}}],"line":14},"89":{"loc":{"start":{"line":15,"column":62},"end":{"line":15,"column":131}},"type":"if","locations":[{"start":{"line":15,"column":62},"end":{"line":15,"column":131}},{"start":{"line":15,"column":62},"end":{"line":15,"column":131}}],"line":15},"90":{"loc":{"start":{"line":15,"column":132},"end":{"line":15,"column":193}},"type":"if","locations":[{"start":{"line":15,"column":132},"end":{"line":15,"column":193}},{"start":{"line":15,"column":132},"end":{"line":15,"column":193}}],"line":15},"91":{"loc":{"start":{"line":16,"column":77},"end":{"line":16,"column":122}},"type":"cond-expr","locations":[{"start":{"line":16,"column":105},"end":{"line":16,"column":108}},{"start":{"line":16,"column":111},"end":{"line":16,"column":122}}],"line":16},"92":{"loc":{"start":{"line":17,"column":37},"end":{"line":17,"column":101}},"type":"if","locations":[{"start":{"line":17,"column":37},"end":{"line":17,"column":101}},{"start":{"line":17,"column":37},"end":{"line":17,"column":101}}],"line":17},"93":{"loc":{"start":{"line":17,"column":41},"end":{"line":17,"column":86}},"type":"binary-expr","locations":[{"start":{"line":17,"column":41},"end":{"line":17,"column":68}},{"start":{"line":17,"column":72},"end":{"line":17,"column":86}}],"line":17},"94":{"loc":{"start":{"line":17,"column":140},"end":{"line":17,"column":326}},"type":"if","locations":[{"start":{"line":17,"column":140},"end":{"line":17,"column":326}},{"start":{"line":17,"column":140},"end":{"line":17,"column":326}}],"line":17},"95":{"loc":{"start":{"line":17,"column":193},"end":{"line":17,"column":210}},"type":"binary-expr","locations":[{"start":{"line":17,"column":193},"end":{"line":17,"column":197}},{"start":{"line":17,"column":201},"end":{"line":17,"column":210}}],"line":17},"96":{"loc":{"start":{"line":17,"column":213},"end":{"line":17,"column":255}},"type":"if","locations":[{"start":{"line":17,"column":213},"end":{"line":17,"column":255}},{"start":{"line":17,"column":213},"end":{"line":17,"column":255}}],"line":17},"97":{"loc":{"start":{"line":17,"column":335},"end":{"line":17,"column":370}},"type":"cond-expr","locations":[{"start":{"line":17,"column":355},"end":{"line":17,"column":361}},{"start":{"line":17,"column":364},"end":{"line":17,"column":370}}],"line":17},"98":{"loc":{"start":{"line":28,"column":20},"end":{"line":62,"column":11}},"type":"switch","locations":[{"start":{"line":29,"column":12},"end":{"line":51,"column":20}},{"start":{"line":52,"column":12},"end":{"line":58,"column":18}},{"start":{"line":59,"column":12},"end":{"line":59,"column":20}},{"start":{"line":60,"column":12},"end":{"line":61,"column":37}}],"line":28},"99":{"loc":{"start":{"line":40,"column":16},"end":{"line":40,"column":62}},"type":"if","locations":[{"start":{"line":40,"column":16},"end":{"line":40,"column":62}},{"start":{"line":40,"column":16},"end":{"line":40,"column":62}}],"line":40},"100":{"loc":{"start":{"line":44,"column":16},"end":{"line":44,"column":49}},"type":"if","locations":[{"start":{"line":44,"column":16},"end":{"line":44,"column":49}},{"start":{"line":44,"column":16},"end":{"line":44,"column":49}}],"line":44}},"s":{"0":1,"1":1,"2":1,"3":1,"4":1,"5":2,"6":0,"7":1,"8":0,"9":1,"10":1,"11":1,"12":1,"13":0,"14":1,"15":1,"16":1,"17":1,"18":13,"19":1,"20":1,"21":0,"22":0,"23":0,"24":0,"25":0,"26":0,"27":0,"28":0,"29":0,"30":1,"31":1,"32":1,"33":1,"34":0,"35":1,"36":1,"37":1,"38":1,"39":2,"40":6,"41":0,"42":0,"43":0,"44":0,"45":0,"46":0,"47":0,"48":0,"49":0,"50":0,"51":0,"52":0,"53":0,"54":0,"55":0,"56":0,"57":0,"58":0,"59":0,"60":0,"61":0,"62":0,"63":0,"64":0,"65":0,"66":0,"67":0,"68":0,"69":0,"70":0,"71":0,"72":0,"73":0,"74":0,"75":0,"76":0,"77":0,"78":0,"79":0,"80":0,"81":0,"82":0,"83":0,"84":0,"85":0,"86":0,"87":0,"88":0,"89":0,"90":0,"91":0,"92":0,"93":0,"94":0,"95":0,"96":0,"97":0,"98":0,"99":0,"100":1,"101":1,"102":1,"103":1,"104":0,"105":0,"106":0,"107":0,"108":0,"109":0,"110":0,"111":0,"112":0,"113":0,"114":0,"115":0,"116":1,"117":0,"118":0,"119":1,"120":0,"121":0,"122":0,"123":0,"124":0,"125":0,"126":0,"127":0,"128":0,"129":0,"130":0,"131":0,"132":0,"133":0,"134":0,"135":0,"136":0,"137":0,"138":0,"139":0,"140":0,"141":0,"142":0,"143":0,"144":0,"145":0,"146":0,"147":0,"148":0,"149":0,"150":0,"151":0,"152":0,"153":0,"154":0,"155":0,"156":0,"157":0,"158":0,"159":0,"160":0,"161":0,"162":0,"163":0,"164":0,"165":0,"166":0,"167":0,"168":0,"169":0,"170":0,"171":0,"172":0,"173":0,"174":0,"175":0,"176":0,"177":0,"178":0,"179":0,"180":0,"181":0,"182":0,"183":0,"184":0,"185":0,"186":0,"187":0,"188":0,"189":0,"190":0,"191":0,"192":0,"193":0,"194":0,"195":0,"196":0,"197":0,"198":0,"199":0,"200":0,"201":0,"202":0,"203":0,"204":0,"205":0,"206":0,"207":1,"208":0,"209":0,"210":0,"211":0,"212":0,"213":0,"214":0,"215":1,"216":0,"217":1,"218":1,"219":1,"220":1,"221":1,"222":1,"223":1,"224":1,"225":1,"226":1,"227":1,"228":0,"229":1,"230":1,"231":1,"232":1,"233":1,"234":1,"235":0,"236":0,"237":0,"238":0,"239":0,"240":0,"241":0,"242":1,"243":1,"244":1,"245":1,"246":0,"247":0,"248":0,"249":0,"250":0,"251":0,"252":0,"253":0,"254":0,"255":0,"256":0,"257":0,"258":0,"259":0,"260":0,"261":0,"262":0,"263":0,"264":0,"265":0,"266":0,"267":1,"268":1,"269":1,"270":1,"271":1,"272":1},"f":{"0":1,"1":1,"2":2,"3":0,"4":1,"5":0,"6":0,"7":13,"8":0,"9":0,"10":0,"11":0,"12":0,"13":0,"14":0,"15":2,"16":6,"17":0,"18":0,"19":0,"20":0,"21":0,"22":0,"23":0,"24":0,"25":0,"26":0,"27":0,"28":0,"29":0,"30":0,"31":0,"32":0,"33":1,"34":0,"35":0,"36":0,"37":1,"38":0,"39":0,"40":0,"41":0,"42":0,"43":0,"44":0,"45":0,"46":0,"47":0,"48":0,"49":0,"50":0,"51":0,"52":0,"53":0,"54":0,"55":0,"56":1,"57":0,"58":0,"59":0,"60":0,"61":1,"62":1,"63":1,"64":1,"65":1,"66":1,"67":1,"68":1,"69":0,"70":0,"71":0,"72":0,"73":0},"b":{"0":[0,1],"1":[1,1],"2":[1,0],"3":[1,1],"4":[0,0],"5":[0,0,0,0],"6":[1,0],"7":[1,0],"8":[1,0],"9":[1,0],"10":[1,0],"11":[0,0],"12":[0,0],"13":[0,0],"14":[1,1],"15":[1,1,1,1],"16":[0,0],"17":[0,0],"18":[0,0,0],"19":[0,0],"20":[0,0],"21":[0,0],"22":[0,0],"23":[0,0],"24":[0,0],"25":[0,0],"26":[0,0],"27":[0,0],"28":[0,0],"29":[0,0],"30":[0,0],"31":[0,0],"32":[0,0],"33":[0,0],"34":[0,0],"35":[0,0,0,0,0],"36":[0,0],"37":[0,0],"38":[0,0],"39":[0,0],"40":[0,0],"41":[0,0],"42":[0,0],"43":[1,0],"44":[1,0],"45":[0,0],"46":[0,0],"47":[0,0],"48":[0,0],"49":[0,0,0],"50":[0,0],"51":[1,0],"52":[0,0],"53":[0,0],"54":[0,0],"55":[0,0],"56":[0,0],"57":[0,0,0,0],"58":[0,0],"59":[0,0],"60":[0,0],"61":[0,0],"62":[0,0],"63":[0,0],"64":[0,0],"65":[0,0],"66":[0,0],"67":[0,0],"68":[0,0],"69":[0,0],"70":[0,0],"71":[0,0],"72":[0,0,0],"73":[0,0,0,0,0,0],"74":[0,0],"75":[0,0],"76":[0,0],"77":[0,0],"78":[0,0],"79":[0,0],"80":[0,0,0],"81":[0,0],"82":[0,0],"83":[0,0],"84":[0,0],"85":[0,0],"86":[0,1],"87":[1,1],"88":[1,0],"89":[1,0],"90":[0,1],"91":[0,1],"92":[1,0],"93":[1,0],"94":[0,0],"95":[0,0],"96":[0,0],"97":[0,0],"98":[0,0,0,0],"99":[0,0],"100":[0,0]},"inputSourceMap":{"version":3,"names":["_qrcode","_interopRequireDefault","require","obj","__esModule","_typeof","Symbol","iterator","constructor","prototype","_regeneratorRuntime","exports","Op","Object","hasOwn","hasOwnProperty","defineProperty","key","desc","value","$Symbol","iteratorSymbol","asyncIteratorSymbol","asyncIterator","toStringTagSymbol","toStringTag","define","enumerable","configurable","writable","err","wrap","innerFn","outerFn","self","tryLocsList","protoGenerator","Generator","generator","create","context","Context","makeInvokeMethod","tryCatch","fn","arg","type","call","ContinueSentinel","GeneratorFunction","GeneratorFunctionPrototype","IteratorPrototype","getProto","getPrototypeOf","NativeIteratorPrototype","values","Gp","defineIteratorMethods","forEach","method","_invoke","AsyncIterator","PromiseImpl","invoke","resolve","reject","record","result","__await","then","unwrapped","error","previousPromise","callInvokeWithMethodAndArg","state","Error","doneResult","delegate","delegateResult","maybeInvokeDelegate","sent","_sent","dispatchException","abrupt","done","methodName","undefined","TypeError","info","resultName","next","nextLoc","pushTryEntry","locs","entry","tryLoc","catchLoc","finallyLoc","afterLoc","tryEntries","push","resetTryEntry","completion","reset","iterable","iteratorMethod","isNaN","length","i","displayName","isGeneratorFunction","genFun","ctor","name","mark","setPrototypeOf","__proto__","awrap","async","Promise","iter","keys","val","object","reverse","pop","skipTempReset","prev","charAt","slice","stop","rootRecord","rval","exception","handle","loc","caught","hasCatch","hasFinally","finallyEntry","complete","finish","_catch","thrown","delegateYield","asyncGeneratorStep","gen","_next","_throw","_asyncToGenerator","args","arguments","apply","_classCallCheck","instance","Constructor","_defineProperties","target","props","descriptor","_toPropertyKey","_createClass","protoProps","staticProps","_toPrimitive","String","input","hint","prim","toPrimitive","res","Number","GenerateCarQRCodeControllers","_createQRCode","_callee","req","_req$body","driver_name","car_plate","phone_number","stringData","_callee$","_context","body","JSON","stringify","QRCode","toString","QRcode","console","log","toDataURL","code","status","json","message","t0","createQRCode","_x","_x2","carQRCodeController","_default"],"sourceRoot":"/home/tuyizere/Dabble/challenges/generates-a-QR-code/src/controllers/","sources":["car.controllers.js"],"sourcesContent":["import QRCode from \"qrcode\";\n\nexport class GenerateCarQRCodeControllers {\n  async createQRCode(req, res) {\n    try {\n      const { driver_name, car_plate, phone_number } = req.body;\n      let stringData = JSON.stringify({ driver_name, car_plate, phone_number });\n      QRCode.toString(stringData, { type: \"terminal\" }, (err, QRcode) => {\n        if (err) return console.log(\"error occurred\");\n        console.log(QRcode);\n      });\n      QRCode.toDataURL(stringData, (err, code) => {\n        if (err) return console.log(err);\n        return res.status(201).json({\n          message:\"QRCode generated successfully\",\n          code,\n        });\n      });\n    } catch (err) {\n      return res.status(500).json({\n        message: \"Error while generating QRCode,try again\",\n        error: err.message,\n      });\n    }\n  }\n}\n\nconst carQRCodeController = new GenerateCarQRCodeControllers();\nexport default carQRCodeController;\n"],"mappings":";;;;;;AAAA,IAAAA,OAAA,GAAAC,sBAAA,CAAAC,OAAA;AAA4B,SAAAD,uBAAAE,GAAA,WAAAA,GAAA,IAAAA,GAAA,CAAAC,UAAA,GAAAD,GAAA,gBAAAA,GAAA;AAAA,SAAAE,QAAAF,GAAA,sCAAAE,OAAA,wBAAAC,MAAA,uBAAAA,MAAA,CAAAC,QAAA,aAAAJ,GAAA,kBAAAA,GAAA,gBAAAA,GAAA,WAAAA,GAAA,yBAAAG,MAAA,IAAAH,GAAA,CAAAK,WAAA,KAAAF,MAAA,IAAAH,GAAA,KAAAG,MAAA,CAAAG,SAAA,qBAAAN,GAAA,KAAAE,OAAA,CAAAF,GAAA;AAAA,SAAAO,oBAAA,kBAC5B,qJAAAA,mBAAA,YAAAA,oBAAA,WAAAC,OAAA,SAAAA,OAAA,OAAAC,EAAA,GAAAC,MAAA,CAAAJ,SAAA,EAAAK,MAAA,GAAAF,EAAA,CAAAG,cAAA,EAAAC,cAAA,GAAAH,MAAA,CAAAG,cAAA,cAAAb,GAAA,EAAAc,GAAA,EAAAC,IAAA,IAAAf,GAAA,CAAAc,GAAA,IAAAC,IAAA,CAAAC,KAAA,KAAAC,OAAA,wBAAAd,MAAA,GAAAA,MAAA,OAAAe,cAAA,GAAAD,OAAA,CAAAb,QAAA,kBAAAe,mBAAA,GAAAF,OAAA,CAAAG,aAAA,uBAAAC,iBAAA,GAAAJ,OAAA,CAAAK,WAAA,8BAAAC,OAAAvB,GAAA,EAAAc
[...]
{"start":{"line":10,"column":11701},"end":{"line":10,"column":11780}},{"start":{"line":10,"column":11701},"end":{"line":10,"column":11780}}],"line":10},"84":{"loc":{"start":{"line":10,"column":12013},"end":{"line":10,"column":12061}},"type":"binary-expr","locations":[{"start":{"line":10,"column":12013},"end":{"line":10,"column":12035}},{"start":{"line":10,"column":12040},"end":{"line":10,"column":12060}}],"line":10},"85":{"loc":{"start":{"line":11,"column":176},"end":{"line":11,"column":263}},"type":"if","locations":[{"start":{"line":11,"column":176},"end":{"line":11,"column":263}},{"start":{"line":11,"column":176},"end":{"line":11,"column":263}}],"line":11},"86":{"loc":{"start":{"line":17,"column":16},"end":{"line":44,"column":7}},"type":"switch","locations":[{"start":{"line":18,"column":8},"end":{"line":31,"column":46}},{"start":{"line":32,"column":8},"end":{"line":40,"column":11}},{"start":{"line":41,"column":8},"end":{"line":41,"column":15}},{"start":{"line":42,"column":8},"end":{"line":43,"column":33}}],"line":17},"87":{"loc":{"start":{"line":34,"column":10},"end":{"line":40,"column":11}},"type":"if","locations":[{"start":{"line":34,"column":10},"end":{"line":40,"column":11}},{"start":{"line":34,"column":10},"end":{"line":40,"column":11}}],"line":34}},"s":{"0":0,"1":0,"2":0,"3":1,"4":1,"5":1,"6":1,"7":1,"8":0,"9":1,"10":1,"11":1,"12":1,"13":0,"14":1,"15":1,"16":1,"17":1,"18":13,"19":1,"20":1,"21":0,"22":0,"23":0,"24":0,"25":0,"26":0,"27":0,"28":0,"29":0,"30":1,"31":1,"32":1,"33":1,"34":0,"35":1,"36":1,"37":1,"38":1,"39":2,"40":6,"41":0,"42":0,"43":0,"44":0,"45":0,"46":0,"47":0,"48":0,"49":0,"50":0,"51":0,"52":0,"53":0,"54":0,"55":0,"56":0,"57":0,"58":0,"59":0,"60":0,"61":0,"62":0,"63":0,"64":0,"65":0,"66":0,"67":0,"68":0,"69":0,"70":0,"71":0,"72":0,"73":0,"74":0,"75":0,"76":0,"77":0,"78":0,"79":0,"80":0,"81":0,"82":0,"83":0,"84":0,"85":0,"86":0,"87":0,"88":0,"89":0,"90":0,"91":0,"92":0,"93":0,"94":0,"95":0,"96":0,"97":0,"98":0,"99":0,"100":1,"101":1,"102":1,"103":1,"104":0,"105":0,"106":0,"107":0,"108":0,"109":0,"110":0,"111":0,"112":0,"113":0,"114":0,"115":0,"116":1,"117":0,"118":0,"119":1,"120":0,"121":0,"122":0,"123":0,"124":0,"125":0,"126":0,"127":0,"128":0,"129":0,"130":0,"131":0,"132":0,"133":0,"134":0,"135":0,"136":0,"137":0,"138":0,"139":0,"140":0,"141":0,"142":0,"143":0,"144":0,"145":0,"146":0,"147":0,"148":0,"149":0,"150":0,"151":0,"152":0,"153":0,"154":0,"155":0,"156":0,"157":0,"158":0,"159":0,"160":0,"161":0,"162":0,"163":0,"164":0,"165":0,"166":0,"167":0,"168":0,"169":0,"170":0,"171":0,"172":0,"173":0,"174":0,"175":0,"176":0,"177":0,"178":0,"179":0,"180":0,"181":0,"182":0,"183":0,"184":0,"185":0,"186":0,"187":0,"188":0,"189":0,"190":0,"191":0,"192":0,"193":0,"194":0,"195":0,"196":0,"197":0,"198":0,"199":0,"200":0,"201":0,"202":0,"203":0,"204":0,"205":0,"206":0,"207":1,"208":0,"209":0,"210":0,"211":0,"212":0,"213":0,"214":0,"215":1,"216":1,"217":0,"218":0,"219":0,"220":0,"221":0,"222":0,"223":0,"224":0,"225":0,"226":0,"227":0,"228":1,"229":0,"230":1},"f":{"0":0,"1":0,"2":0,"3":1,"4":1,"5":0,"6":0,"7":13,"8":0,"9":0,"10":0,"11":0,"12":0,"13":0,"14":0,"15":2,"16":6,"17":0,"18":0,"19":0,"20":0,"21":0,"22":0,"23":0,"24":0,"25":0,"26":0,"27":0,"28":0,"29":0,"30":0,"31":0,"32":0,"33":1,"34":0,"35":0,"36":0,"37":1,"38":0,"39":0,"40":0,"41":0,"42":0,"43":0,"44":0,"45":0,"46":0,"47":0,"48":0,"49":0,"50":0,"51":0,"52":0,"53":0,"54":0,"55":0,"56":1,"57":0,"58":0,"59":0,"60":0,"61":1,"62":0,"63":0,"64":0},"b":{"0":[0,0],"1":[0,0],"2":[0,0],"3":[0,0,0,0],"4":[0,1],"5":[1,1],"6":[1,0],"7":[1,0],"8":[1,0],"9":[1,0],"10":[1,0],"11":[0,0],"12":[0,0],"13":[0,0],"14":[1,1],"15":[1,1,1,1],"16":[0,0],"17":[0,0],"18":[0,0,0],"19":[0,0],"20":[0,0],"21":[0,0],"22":[0,0],"23":[0,0],"24":[0,0],"25":[0,0],"26":[0,0],"27":[0,0],"28":[0,0],"29":[0,0],"30":[0,0],"31":[0,0],"32":[0,0],"33":[0,0],"34":[0,0],"35":[0,0,0,0,0],"36":[0,0],"37":[0,0],"38":[0,0],"39":[0,0],"40":[0,0],"41":[0,0],"42":[0,0],"43":[1,0],"44":[1,0],"45":[0,0],"46":[0,0],"47":[0,0],"48":[0,0],"49":[0,0,0],"50":[0,0],"51":[1,0],"52":[0,0],"53":[0,0],"54":[0,0],"55":[0,0],"56":[0,0],"57":[0,0,0,0],"58":[0,0],"59":[0,0],"60":[0,0],"61":[0,0],"62":[0,0],"63":[0,0],"64":[0,0],"65":[0,0],"66":[0,0],"67":[0,0],"68":[0,0],"69":[0,0],"70":[0,0],"71":[0,0],"72":[0,0,0],"73":[0,0,0,0,0,0],"74":[0,0],"75":[0,0],"76":[0,0],"77":[0,0],"78":[0,0],"79":[0,0],"80":[0,0,0],"81":[0,0],"82":[0,0],"83":[0,0],"84":[0,0],"85":[0,0],"86":[0,0,0,0],"87":[0,0]},"inputSourceMap":{"version":3,"names":["_joi","_interopRequireDefault","require","obj","__esModule","_regeneratorRuntime","exports","Op","Object","prototype","hasOwn","hasOwnProperty","defineProperty","key","desc","value","$Symbol","Symbol","iteratorSymbol","iterator","asyncIteratorSymbol","asyncIterator","toStringTagSymbol","toStringTag","define","enumerable","configurable","writable","err","wrap","innerFn","outerFn","self","tryLocsList","protoGenerator","Generator","generator","create","context","Context","makeInvokeMethod","tryCatch","fn","arg","type","call","ContinueSentinel","GeneratorFunction","GeneratorFunctionPrototype","IteratorPrototype","getProto","getPrototypeOf","NativeIteratorPrototype","values","Gp","defineIteratorMethods","forEach","method","_invoke","AsyncIterator","PromiseImpl","invoke","resolve","reject","record","result","_typeof","__await","then","unwrapped","error","previousPromise","callInvokeWithMethodAndArg","state","Error","doneResult","delegate","delegateResult","maybeInvokeDelegate","sent","_sent","dispatchException","abrupt","done","methodName","undefined","TypeError","info","resultName","next","nextLoc","pushTryEntry","locs","entry","tryLoc","catchLoc","finallyLoc","afterLoc","tryEntries","push","resetTryEntry","completion","reset","iterable","iteratorMethod","isNaN","length","i","displayName","isGeneratorFunction","genFun","ctor","constructor","name","mark","setPrototypeOf","__proto__","awrap","async","Promise","iter","keys","val","object","reverse","pop","skipTempReset","prev","charAt","slice","stop","rootRecord","rval","exception","handle","loc","caught","hasCatch","hasFinally","finallyEntry","complete","finish","_catch","thrown","delegateYield","asyncGeneratorStep","gen","_next","_throw","_asyncToGenerator","args","arguments","apply","carValidation","_ref","_callee","req","res","carSchema","_callee$","_context","joi","driver_name","string","required","messages","car_plate","phone_number","validate","body","status","json","message","details","replace","_x","_x2","_x3"],"sourceRoot":"/home/tuyizere/Dabble/challenges/generates-a-QR-code/src/validations/","sources":["car.validations.js"],"sourcesContent":["import joi from \"joi\";\nexport const carValidation = async (req, res, next) => {\n  const carSchema = joi.object({\n    driver_name: joi.string().required().messages({\n      \"any.required\": \"Driver names are required\",\n    }),\n    car_plate: joi.string().required().messages({\n      \"any.required\": \"Car plate number are required\",\n    }),\n    phone_number: joi.string().required().messages({\n      \"any.required\": \"Drive phone number is required\",\n    }),\n  });\n  const value = await carSchema.validate(req.body);\n  if (value.error) {\n    res.status(400).json({\n      message: value.error.details[0].message.replace(/[\"'`]+/g, \"\"),\n    });\n  } else {\n    next();\n  }\n};\n"],"mappings":";;;;;;;AAAA,IAAAA,IAAA,GAAAC,sBAAA,CAAAC,OAAA;AAAsB,SAAAD,uBAAAE,GAAA,WAAAA,GAAA,IAAAA,GAAA,CAAAC,UAAA,GAAAD,GAAA,gBAAAA,GAAA;AAAA,SAAAE,oBAAA,kBACtB,qJAAAA,mBAAA,YAAAA,oBAAA,WAAAC,OAAA,SAAAA,OAAA,OAAAC,EAAA,GAAAC,MAAA,CAAAC,SAAA,EAAAC,MAAA,GAAAH,EAAA,CAAAI,cAAA,EAAAC,cAAA,GAAAJ,MAAA,CAAAI,cAAA,cAAAT,GAAA,EAAAU,GAAA,EAAAC,IAAA,IAAAX,GAAA,CAAAU,GAAA,IAAAC,IAAA,CAAAC,KAAA,KAAAC,OAAA,wBAAAC,MAAA,GAAAA,MAAA,OAAAC,cAAA,GAAAF,OAAA,CAAAG,QAAA,kBAAAC,mBAAA,GAAAJ,OAAA,CAAAK,aAAA,uBAAAC,iBAAA,GAAAN,OAAA,CAAAO,WAAA,8BAAAC,OAAArB,GAAA,EAAAU,GAAA,EAAAE,KAAA,WAAAP,MAAA,CAAAI,cAAA,CAAAT,GAAA,EAAAU,GAAA,IAAAE,KAAA,EAAAA,KAAA,EAAAU,UAAA,MAAAC,YAAA,MAAAC,QAAA,SAAAxB,GAAA,CAAAU,GAAA,WAAAW,MAAA,mBAAAI,GAAA,IAAAJ,MAAA,YAAAA,OAAArB,GAAA,EAAAU,GAAA,EAAAE,KAAA,WAAAZ,GAAA,CAAAU,GAAA,IAAAE,KAAA,gBAAAc,KAAAC,OAAA,EAAAC,OAAA,EAAAC,IAAA,EAAAC,WAAA,QAAAC,cAAA,GAAAH,OAAA,IAAAA,OAAA,CAAAtB,SAAA,YAAA0B,SAAA,GAAAJ,OAAA,GAAAI,SAAA,EAAAC,SAAA,GAAA5B,MAAA,CAAA6B,MAAA,CAAAH,cAAA,CAAAzB,SAAA,GAAA6B,OAAA,OAAAC,OAAA,CAAAN,WAAA,gBAAArB,cAAA,CAAAwB,SAAA,eAAArB,KAAA,EAAAyB,gBAAA,CAAAV,OAAA,EAAAE,IAAA,EAAAM,OAAA,MAAAF,SAAA,aAAAK,SAAAC,EAAA,EAAAvC,GAAA,EAAAwC,GAAA,mBAAAC,IAAA,YAAAD,GAAA,EAAAD,EAAA,CAAAG,IAAA,CAAA1C,GAAA,EAAAwC,GAAA,cAAAf,GAAA,aAAAgB,IAAA,WAAAD,GAAA,EAAAf,GAAA,QAAAtB,OAAA,CAAAuB,IAAA,GAAAA,IAAA,MAAAiB,gBAAA,gBAAAX,UAAA,cAAAY,kBAAA,cAAAC,2BAAA,SAAAC,iBAAA,OAAAzB,MAAA,CAAAyB,iBAAA,EAAA/B,cAAA,qCAAAgC,QAAA,GAAA1C,MAAA,CAAA2C,cAAA,EAAAC,uBAAA,GAAAF,QAAA,IAAAA,QAAA,CAAAA,QAAA,CAAAG,MAAA,QAAAD,uBAAA,IAAAA,uBAAA,KAAA7C,EAAA,IAAAG,MAAA,CAAAmC,IAAA,CAAAO,uBAAA,EAAAlC,cAAA,MAAA+B,iBAAA,GAAAG,uBAAA,OAAAE,EAAA,GAAAN,0BAAA,CAAAvC,SAAA,GAAA0B,SAAA,CAAA1B,SAAA,GAAAD,MAAA,CAAA6B,MAAA,CAAAY,iBAAA,YAAAM,sBAAA9C,SAAA,gCAAA+C,OAAA,WAAAC,MAAA,IAAAjC,MAAA,CAAAf,SAAA,EAAAgD,MAAA,YAAAd,GAAA,gBAAAe,OAAA,CAAAD,MAAA,EAAAd,GAAA,sBAAAgB,cAAAvB,SAAA,EAAAwB,WAAA,aAAAC,OAAAJ,MAAA,EAAAd,GAAA,EAAAmB,OAAA,EAAAC,MAAA,QAAAC,MAAA,GAAAvB,QAAA,CAAAL,SAAA,CAAAqB,MAAA,GAAArB,SAAA,EAAAO,GAAA,mBAAAqB,MAAA,CAAApB,IAAA,QAAAqB,MAAA,GAAAD,MAAA,CAAArB,GAAA,EAAA5B,KAAA,GAAAkD,MAAA,CAAAlD,KAAA,SAAAA,KAAA,gBAAAmD,OAAA,CAAAnD,KAAA,KAAAL,MAAA,CAAAmC,IAAA,CAAA9B,KAAA,eAAA6C,WAAA,CAAAE,OAAA,CAAA/C,KAAA,CAAAoD,OAAA,EAAAC,IAAA,WAAArD,KAAA,IAAA8C,MAAA,SAAA9C,KAAA,EAAA+C,OAAA,EAAAC,MAAA,gBAAAnC,GAAA,IAAAiC,MAAA,UAAAjC,GAAA,EAAAkC,OAAA,EAAAC,MAAA,QAAAH,WAAA,CAAAE,OAAA,CAAA/C,KAAA,EAAAqD,IAAA,WAAAC,SAAA,IAAAJ,MAAA,CAAAlD,KAAA,GAAAsD,SAAA,EAAAP,OAAA,CAAAG,MAAA,gBAAAK,KAAA,WAAAT,MAAA,UAAAS,KAAA,EAAAR,OAAA,EAAAC,MAAA,SAAAA,MAAA,CAAAC,MAAA,CAAArB,GAAA,SAAA4B,eAAA,EAAA3D,cAAA,oBAAAG,KAAA,WAAAA,MAAA0C,MAAA,EAAAd,GAAA,aAAA6B,2BAAA,eAAAZ,WAAA,WAAAE,OAAA,EAAAC,MAAA,IAAAF,MAAA,CAAAJ,MAAA,EAAAd,GAAA,EAAAmB,OAAA,EAAAC,MAAA,gBAAAQ,eAAA,GAAAA,eAAA,GAAAA,eAAA,CAAAH,IAAA,CAAAI,0BAAA,EAAAA,0BAAA,IAAAA,0BAAA,qBAAAhC,iBAAAV,OAAA,EAAAE,IAAA,EAAAM,OAAA,QAAAmC,KAAA,sCAAAhB,MAAA,EAAAd,GAAA,wBAAA8B,KAAA,YAAAC,KAAA,sDAAAD,KAAA,oBAAAhB,MAAA,QAAAd,GAAA,SAAAgC,UAAA,WAAArC,OAAA,CAAAmB,MAAA,GAAAA,MAAA,EAAAnB,OAAA,CAAAK,GAAA,GAAAA,GAAA,UAAAiC,QAAA,GAAAtC,OAAA,CAAAsC,QAAA,MAAAA,QAAA,QAAAC,cAAA,GAAAC,mBAAA,CAAAF,QAAA,EAAAtC,OAAA,OAAAuC,cAAA,QAAAA,cAAA,KAAA/B,gBAAA,mBAAA+B,cAAA,qBAAAvC,OAAA,CAAAmB,MAAA,EAAAnB,OAAA,CAAAyC,IAAA,GAAAzC,OAAA,CAAA0C,KAAA,GAAA1C,OAAA,CAAAK,GAAA,sBAAAL,OAAA,CAAAmB,MAAA,6BAAAgB,KAAA,QAAAA,KAAA,gBAAAnC,OAAA,CAAAK,GAAA,EAAAL,OAAA,CAAA2C,iBAAA,CAAA3C,OAAA,CAAAK,GAAA,uBAAAL,OAAA,CAAAmB,MAAA,IAAAnB,OAAA,CAAA4C,MAAA,WAAA5C,OAAA,CAAAK,GAAA,GAAA8B,KAAA,oBAAAT,MAAA,GAAAvB,QAAA,CAAAX,OAAA,EAAAE,IAAA,EAAAM,OAAA,oBAAA0B,MAAA,CAAApB,IAAA,QAAA6B,KAAA,GAAAnC,OAAA,CAAA6C,IAAA,mCAAAnB,MAAA,CAAArB,GAAA,KAAAG,gBAAA,qBAAA/B,KAAA,EAAAiD,MAAA,CAAArB,GAAA,EAAAwC,IAAA,EAAA7C,OAAA,CAAA6C,IAAA,kBAAAnB,MAAA,CAAApB,IAAA,KAAA6B,KAAA,gBAAAnC,OAAA,CAAAmB,MAAA,YAAAnB,OAAA,CAAAK,GAAA,GAAAqB,MAAA,CAAArB,GAAA,mBAAAmC,oBAAAF,QAAA,EAAAtC,OAAA,QAAA8C,UAAA,GAAA9C,OAAA,CAAAmB,MAAA,EAAAA,MAAA,GAAAmB,QAAA,CAAAzD,QAAA,CAAAiE,UAAA,OAAAC,SAAA,KAAA5B,MAAA,SAAAnB,OAAA,CAAAsC,QAAA,qBAAAQ,UAAA,IAAAR,QAAA,CAAAzD,QAAA,eAAAmB,OAAA,CAAAmB,MAAA,aAAAnB,OAAA,CAAAK,GAAA,GAAA0C,SAAA,EAAAP,mBAAA,CAAAF,QAAA,EAAAtC,OAAA,eAAAA,OAAA,CAAAmB,MAAA,kBAAA2B,UAAA,KAAA9C,OAAA,CAAAmB,MAAA,YAAAnB,OAAA,CAAAK,GAAA,OAAA2C,SAAA,uCAAAF,UAAA,iBAAAtC,gBAAA,MAAAkB,MAAA,GAAAvB,QAAA,CAAAgB,MAAA,EAAAmB,QAAA,CAAAzD,QAAA,EAAAmB,OAAA,CAAAK,GAAA,mBAAAqB,MAAA,CAAApB,IAAA,SAAAN,OAAA,CAAAmB,MAAA,YAAAnB,OAAA,CAAAK,GAAA,GAAAqB,MAAA,CAAArB,GAAA,EAAAL,OAAA,CAAAsC,QAAA,SAAA9B,gBAAA,MAAAyC,IAAA,GAAAvB,MAAA,CAAArB,GAAA,SAAA4C,IAAA,GAAAA,IAAA,CAAAJ,IAAA,IAAA7C,OAAA,CAAAsC,QAAA,CAAAY,UAAA,IAAAD,IAAA,CAAAxE,KAAA,EAAAuB,OAAA,CAAAmD,IAAA,GAAAb,QAAA,CAAAc,OAAA,eAAApD,OAAA,CAAAmB,MAAA,KAAAnB,OAAA,CAAAmB,MAAA,WAAAnB,OAAA,CAAAK,GAAA,GAAA0C,SAAA,GAAA/C,OAAA,CAAAsC,QAAA,SAAA9B,gBAAA,IAAAyC,IAAA,IAAAjD,OAAA,CAAAmB,MAAA,YAAAnB,OAAA,CAAAK,GAAA,OAAA2C,SAAA,sCAAAhD,OAAA,CAAAsC,QAAA,SAAA9B,gBAAA,cAAA6C,aAAAC,IAAA,QAAAC,KAAA,KAAAC,MAAA,EAAAF,IAAA,YAAAA,IAAA,KAAAC,KAAA,CAAAE,QAAA,GAAAH,IAAA,WAAAA,IAAA,KAAAC,KAAA,CAAAG,UAAA,GAAAJ,IAAA,KAAAC,KAAA,CAAAI,QAAA,GAAAL,IAAA,WAAAM,UAAA,CAAAC,IAAA,CAAAN,KAAA,cAAAO,cAAAP,KAAA,QAAA7B,MAAA,GAAA6B,KAAA,CAAAQ,UAAA,QAAArC,MAAA,CAAApB,IAAA,oBAAAoB,MAAA,CAAArB,GAAA,EAAAkD,KAAA,CAAAQ,UAAA,GAAArC,MAAA,aAAAzB,QAAAN,WAAA,SAAAiE,UAAA,MAAAJ,MAAA,aAAA7D,WAAA,CAAAuB,OAAA,CAAAmC,YAAA,cAAAW,KAAA,iBAAAjD,OAAAkD,QAAA,QAAAA,QAAA,QAAAC,cAAA,GAAAD,QAAA,CAAArF,cAAA,OAAAsF,cAAA,SAAAA,cAAA,CAAA3D,IAAA,CAAA0D,QAAA,4BAAAA,QAAA,CAAAd,IAAA,SAAAc,QAAA,OAAAE,KAAA,CAAAF,QAAA,CAAAG,MAAA,SAAAC,CAAA,OAAAlB,IAAA,YAAAA,KAAA,aAAAkB,CAAA,GAAAJ,QAAA,CAAAG,MAAA,OAAAhG,MAAA,CAAAmC,IAAA,CAAA0D,QAAA,EAAAI,CAAA,UAAAlB,IAAA,CAAA1E,KAAA,GAAAwF,QAAA,CAAAI,CAAA,GAAAlB,IAAA,CAAAN,IAAA,OAAAM,IAAA,SAAAA,IAAA,CAAA1E,KAAA,GAAAsE,SAAA,EAAAI,IAAA,CAAAN,IAAA,OAAAM,IAAA,YAAAA,IAAA,CAAAA,IAAA,GAAAA,IAAA,eAAAA,IAAA,EAAAd,UAAA,eAAAA,WAAA,aAAA5D,KAAA,EAAAsE,SAAA,EAAAF,IAAA,iBAAApC,iBAAA,CAAAtC,SAAA,GAAAuC,0BAAA,EAAApC,cAAA,CAAA0C,EAAA,mBAAAvC,KAAA,EAAAiC,0BAAA,EAAAtB,YAAA,SAAAd,cAAA,CAAAoC,0BAAA,mBAAAjC,KAAA,EAAAgC,iBAAA,EAAArB,YAAA,SAAAqB,iBAAA,CAAA6D,WAAA,GAAApF,MAAA,CAAAwB,0BAAA,EAAA1B,iBAAA,wBAAAhB,OAAA,CAAAuG,mBAAA,aAAAC,MAAA,QAAAC,IAAA,wBAAAD,MAAA,IAAAA,MAAA,CAAAE,WAAA,WAAAD,IAAA,KAAAA,IAAA,KAAAhE,iBAAA,6BAAAgE,IAAA,CAAAH,WAAA,IAAAG,IAAA,CAAAE,IAAA,OAAA3G,OAAA,CAAA4G,IAAA,aAAAJ,MAAA,WAAAtG,MAAA,CAAA2G,cAAA,GAAA3G,MAAA,CAAA2G,cAAA,CAAAL,MAAA,EAAA9D,0BAAA,KAAA8D,MAAA,CAAAM,SAAA,GAAApE,0BAAA,EAAAxB,MAAA,CAAAsF,MAAA,EAAAxF,iBAAA,yBAAAwF,MAAA,CAAArG,SAAA,GAAAD,MAAA,CAAA6B,MAAA,CAAAiB,EAAA,GAAAwD,MAAA,KAAAxG,OAAA,CAAA+G,KAAA,aAAA1E,GAAA,aAAAwB,OAAA,EAAAxB,GAAA,OAAAY,qBAAA,CAAAI,aAAA,CAAAlD,SAAA,GAAAe,MAAA,CAAAmC,aAAA,CAAAlD,SAAA,EAAAW,mBAAA,iCAAAd,OAAA,CAAAqD,aAAA,GAAAA,aAAA,EAAArD,OAAA,CAAAgH,KAAA,aAAAxF,OAAA,EAAAC,OAAA,EAAAC,IAAA,EAAAC,WAAA,EAAA2B,WAAA,eAAAA,WAAA,KAAAA,WAAA,GAAA2D,OAAA,OAAAC,IAAA,OAAA7D,aAAA,CAAA9B,IAAA,CAAAC,OAAA,EAAAC,OAAA,EAAAC,IAAA,EAAAC,WAAA,GAAA2B,WAAA,UAAAtD,OAAA,CAAAuG,mBAAA,CAAA9E,OAAA,IAAAyF,IAAA,GAAAA,IAAA,CAAA/B,IAAA,GAAArB,IAAA,WAAAH,MAAA,WAAAA,MAAA,CAAAkB,IAAA,GAAAlB,MAAA,CAAAlD,KAAA,GAAAyG,IAAA,CAAA/B,IAAA,WAAAlC,qBAAA,CAAAD,EAAA,GAAA9B,MAAA,CAAA8B,EAAA,EAAAhC,iBAAA,gBAAAE,MAAA,CAAA8B,EAAA,EAAApC,cAAA,iCAAAM,MAAA,CAAA8B,EAAA,6DAAAhD,OAAA,CAAAmH,IAAA,aAAAC,GAAA,QAAAC,MAAA,GAAAnH,MAAA,CAAAkH,GAAA,GAAAD,IAAA,gBAAA5G,GAAA,IAAA8G,MAAA,EAAAF,IAAA,CAAAtB,IAAA,CAAAtF,GAAA,UAAA4G,IAAA,CAAAG,OAAA,aAAAnC,KAAA,WAAAgC,IAAA,CAAAf,MAAA,SAAA7F,GAAA,GAAA4G,IAAA,CAAAI,GAAA,QAAAhH,GAAA,IAAA8G,MAAA,SAAAlC,IAAA,CAAA1E,KAAA,GAAAF,GAAA,EAAA4E,IAAA,CAAAN,IAAA,OAAAM,IAAA,WAAAA,IAAA,CAAAN,IAAA,OAAAM,IAAA,QAAAnF,OAAA,CAAA+C,MAAA,GAAAA,MAAA,EAAAd,OAAA,CAAA9B,SAAA,KAAAuG,WAAA,EAAAzE,OAAA,EAAA+D,KAAA,WAAAA,MAAAwB,aAAA,aAAAC,IAAA,WAAAtC,IAAA,WAAAV,IAAA,QAAAC,KAAA,GAAAK,SAAA,OAAAF,IAAA,YAAAP,QAAA,cAAAnB,MAAA,gBAAAd,GAAA,GAAA0C,SAAA,OAAAa,UAAA,CAAA1C,OAAA,CAAA4C,aAAA,IAAA0B,aAAA,WAAAb,IAAA,kBAAAA,IAAA,CAAAe,MAAA,OAAAtH,MAAA,CAAAmC,IAAA,OAAAoE,IAAA,MAAAR,KAAA,EAAAQ,IAAA,CAAAgB,KAAA,cAAAhB,IAAA,IAAA5B,SAAA,MAAA6C,IAAA,WAAAA,KAAA,SAAA/C,IAAA,WAAAgD,UAAA,QAAAjC,UAAA,IAAAG,UAAA,kBAAA8B,UAAA,CAAAvF,IAAA,QAAAuF,UAAA,CAAAxF,GAAA,cAAAyF,IAAA,KAAAnD,iBAAA,WAAAA,kBAAAoD,SAAA,aAAAlD,IAAA,QAAAkD,SAAA,MAAA/F,OAAA,kBAAAgG,OAAAC,GAAA,EAAAC,MAAA,WAAAxE,MAAA,CAAApB,IAAA,YAAAoB,MAAA,CAAArB,GAAA,GAAA0F,SAAA,EAAA/F,OAAA,CAAAmD,IAAA,GAAA8C,GAAA,EAAAC,MAAA,KAAAlG,OAAA,CAAAmB,MAAA,WAAAnB,OAAA,CAAAK,GAAA,GAAA0C,SAAA,KAAAmD,MAAA,aAAA7B,CAAA,QAAAT,UAAA,CAAAQ,MAAA,MAAAC,CAAA,SAAAA,CAAA,QAAAd,KAAA,QAAAK,UAAA,CAAAS,CAAA,GAAA3C,MAAA,GAAA6B,KAAA,CAAAQ,UAAA,iBAAAR,KAAA,CAAAC,MAAA,SAAAwC,MAAA,aAAAzC,KAAA,CAAAC,MAAA,SAAAiC,IAAA,QAAAU,QAAA,GAAA/H,MAAA,CAAAmC,IAAA,CAAAgD,KAAA,eAAA6C,UAAA,GAAAhI,MAAA,CAAAmC,IAAA,CAAAgD,KAAA,qBAAA4C,QAAA,IAAAC,UAAA,aAAAX,IAAA,GAAAlC,KAAA,CAAAE,QAAA,SAAAuC,MAAA,CAAAzC,KAAA,CAAAE,QAAA,gBAAAgC,IAAA,GAAAlC,KAAA,CAAAG,UAAA,SAAAsC,MAAA,CAAAzC,KAAA,CAAAG,UAAA,cAAAyC,QAAA,aAAAV,IAAA,GAAAlC,KAAA,CAAAE,QAAA,SAAAuC,MAAA,CAAAzC,KAAA,CAAAE,QAAA,qBAAA2C,UAAA,YAAAhE,KAAA,qDAAAqD,IAAA,GAAAlC,KAAA,CAAAG,UAAA,SAAAsC,MAAA,CAAAzC,KAAA,CAAAG,UAAA,YAAAd,MAAA,WAAAA,OAAAtC,IAAA,EAAAD,GAAA,aAAAgE,CAAA,QAAAT,UAAA,CAAAQ,MAAA,MAAAC,CAAA,SAAAA,CAAA,QAAAd,KAAA,QAAAK,UAAA,CAAAS,CAAA,OAAAd,KAAA,CAAAC,MAAA,SAAAiC,IAAA,IAAArH,MAAA,CAAAmC,IAAA,CAAAgD,KAAA,wBAAAkC,IAAA,GAAAlC,KAAA,CAAAG,UAAA,QAAA2C,YAAA,GAAA9C,KAAA,aAAA8C,YAAA,iBAAA/F,IAAA,mBAAAA,IAAA,KAAA+F,YAAA,CAAA7C,MAAA,IAAAnD,GAAA,IAAAA,GAAA,IAAAgG,YAAA,CAAA3C,UAAA,KAAA2C,YAAA,cAAA3E,MAAA,GAAA2E,YAAA,GAAAA,YAAA,CAAAtC,UAAA,cAAArC,MAAA,CAAApB,IAAA,GAAAA,IAAA,EAAAoB,MAAA,CAAArB,GAAA,GAAAA,GAAA,EAAAgG,YAAA,SAAAlF,MAAA,gBAAAgC,IAAA,GAAAkD,YAAA,CAAA3C,UAAA,EAAAlD,gBAAA,SAAA8F,QAAA,CAAA5E,MAAA,MAAA4E,QAAA,WAAAA,SAAA5E,MAAA,EAAAiC,QAAA,oBAAAjC,MAAA,CAAApB,IAAA,QAAAoB,MAAA,CAAArB,GAAA,qBAAAqB,MAAA,CAAApB,IAAA,mBAAAoB,MAAA,CAAApB,IAAA,QAAA6C,IAAA,GAAAzB,MAAA,CAAArB,GAAA,gBAAAqB,MAAA,CAAApB,IAAA,SAAAwF,IAAA,QAAAzF,GAAA,GAAAqB,MAAA,CAAArB,GAAA,OAAAc,MAAA,kBAAAgC,IAAA,yBAAAzB,MAAA,CAAApB,IAAA,IAAAqD,QAAA,UAAAR,IAAA,GAAAQ,QAAA,GAAAnD,gBAAA,KAAA+F,MAAA,WAAAA,OAAA7C,UAAA,aAAAW,CAAA,QAAAT,UAAA,CAAAQ,MAAA,MAAAC,CAAA,SAAAA,CAAA,QAAAd,KAAA,QAAAK,UAAA,CAAAS,CAAA,OAAAd,KAAA,CAAAG,UAAA,KAAAA,UAAA,cAAA4C,QAAA,CAAA/C,KAAA,CAAAQ,UAAA,EAAAR,KAAA,CAAAI,QAAA,GAAAG,aAAA,CAAAP,KAAA,GAAA/C,gBAAA,yBAAAgG,OAAAhD,MAAA,aAAAa,CAAA,QAAAT,UAAA,CAAAQ,MAAA,MAAAC,CAAA,SAAAA,CAAA,QAAAd,KAAA,QAAAK,UAAA,CAAAS,CAAA,OAAAd,KAAA,CAAAC,MAAA,KAAAA,MAAA,QAAA9B,MAAA,GAAA6B,KAAA,CAAAQ,UAAA,kBAAArC,MAAA,CAAApB,IAAA,QAAAmG,MAAA,GAAA/E,MAAA,CAAArB,GAAA,EAAAyD,aAAA,CAAAP,KAAA,YAAAkD,MAAA,gBAAArE,KAAA,8BAAAsE,aAAA,WAAAA,cAAAzC,QAAA,EAAAf,UAAA,EAAAE,OAAA,gBAAAd,QAAA,KAAAzD,QAAA,EAAAkC,MAAA,CAAAkD,QAAA,GAAAf,UAAA,EAAAA,UAAA,EAAAE,OAAA,EAAAA,OAAA,oBAAAjC,MAAA,UAAAd,GAAA,GAAA0C,SAAA,GAAAvC,gBAAA,OAAAxC,OAAA;AAAA,SAAA2I,mBAAAC,GAAA,EAAApF,OAAA,EAAAC,MAAA,EAAAoF,KAAA,EAAAC,MAAA,EAAAvI,GAAA,EAAA8B,GAAA,cAAA4C,IAAA,GAAA2D,GAAA,CAAArI,GAAA,EAAA8B,GAAA,OAAA5B,KAAA,GAAAwE,IAAA,CAAAxE,KAAA,WAAAuD,KAAA,IAAAP,MAAA,CAAAO,KAAA,iBAAAiB,IAAA,CAAAJ,IAAA,IAAArB,OAAA,CAAA/C,KAAA,YAAAwG,OAAA,CAAAzD,OAAA,CAAA/C,KAAA,EAAAqD,IAAA,CAAA+E,KAAA,EAAAC,MAAA;AAAA,SAAAC,kBAAA3G,EAAA,6BAAAV,IAAA,SAAAsH,IAAA,GAAAC,SAAA,aAAAhC,OAAA,WAAAzD,OAAA,EAAAC,MAAA,QAAAmF,GAAA,GAAAxG,EAAA,CAAA8G,KAAA,CAAAxH,IAAA,EAAAsH,IAAA,YAAAH,MAAApI,KAAA,IAAAkI,kBAAA,CAAAC,GAAA,EAAApF,OAAA,EAAAC,MAAA,EAAAoF,KAAA,EAAAC,MAAA,UAAArI,KAAA,cAAAqI,OAAAxH,GAAA,IAAAqH,kBAAA,CAAAC,GAAA,EAAApF,OAAA,EAAAC,MAAA,EAAAoF,KAAA,EAAAC,MAAA,WAAAxH,GAAA,KAAAuH,KAAA,CAAA9D,SAAA;AAAO,IAAMoE,aAAa;EAAA,IAAAC,IAAA,GAAAL,iBAAA,eAAAhJ,mBAAA,GAAA6G,IAAA,CAAG,SAAAyC,QAAOC,GAAG,EAAEC,GAAG,EAAEpE,IAAI;IAAA,IAAAqE,SAAA,EAAA/I,KAAA;IAAA,OAAAV,mBAAA,GAAAwB,IAAA,UAAAkI,SAAAC,QAAA;MAAA,kBAAAA,QAAA,CAAAjC,IAAA,GAAAiC,QAAA,CAAAvE,IAAA;QAAA;UAC1CqE,SAAS,GAAGG,eAAG,CAACtC,MAAM,CAAC;YAC3BuC,WAAW,EAAED,eAAG,CAACE,MAAM,EAAE,CAACC,QAAQ,EAAE,CAACC,QAAQ,CAAC;cAC5C,cAAc,EAAE;YAClB,CAAC,CAAC;YACFC,SAAS,EAAEL,eAAG,CAACE,MAAM,EAAE,CAACC,QAAQ,EAAE,CAACC,QAAQ,CAAC;cAC1C,cAAc,EAAE;YAClB,CAAC,CAAC;YACFE,YAAY,EAAEN,eAAG,CAACE,MAAM,EAAE,CAACC,QAAQ,EAAE,CAACC,QAAQ,CAAC;cAC7C,cAAc,EAAE;YAClB,CAAC;UACH,CAAC,CAAC;UAAAL,QAAA,CAAAvE,IAAA;UAAA,OACkBqE,SAAS,CAACU,QAAQ,CAACZ,GAAG,CAACa,IAAI,CAAC;QAAA;UAA1C1J,KAAK,GAAAiJ,QAAA,CAAAjF,IAAA;UACX,IAAIhE,KAAK,CAACuD,KAAK,EAAE;YACfuF,GAAG,CAACa,MAAM,CAAC,GAAG,CAAC,CAACC,IAAI,CAAC;cACnBC,OAAO,EAAE7J,KAAK,CAACuD,KAAK,CAACuG,OAAO,CAAC,CAAC,CAAC,CAACD,OAAO,CAACE,OAAO,CAAC,SAAS,EAAE,EAAE;YAC/D,CAAC,CAAC;UACJ,CAAC,MAAM;YACLrF,IAAI,EAAE;UACR;QAAC;QAAA;UAAA,OAAAuE,QAAA,CAAA9B,IAAA;MAAA;IAAA,GAAAyB,OAAA;EAAA,CACF;EAAA,gBApBYF,aAAaA,CAAAsB,EAAA,EAAAC,GAAA,EAAAC,GAAA;IAAA,OAAAvB,IAAA,CAAAF,KAAA,OAAAD,SAAA;EAAA;AAAA,GAoBzB;AAACjJ,OAAA,CAAAmJ,aAAA,GAAAA,aAAA"},"_coverageSchema":"1a1c01bbd47fc00a2c39e90264f33305004495a9","hash":"73b227023dc21a9a52c1fb51b2aca06aed757951","contentHash":"a954d976f830779b9d5ac47610aaa76207f1b3b93a345f8e8c3fd9beefd8f4d5"}}